[ 2018-01-30T17:47:34+08:00 ] ::1 /campus/xyyb/index.php
INFO: [ app_init ] --START--
INFO: Run Behavior\BuildLiteBehavior [ RunTime:0.000071s ]
INFO: [ app_init ] --END-- [ RunTime:0.016882s ]
INFO: [ app_begin ] --START--
INFO: Run Behavior\ReadHtmlCacheBehavior [ RunTime:0.003378s ]
INFO: [ app_begin ] --END-- [ RunTime:0.003902s ]
INFO: [ view_parse ] --START--
INFO: [ template_filter ] --START--
INFO: Run Behavior\ContentReplaceBehavior [ RunTime:0.000293s ]
INFO: [ template_filter ] --END-- [ RunTime:0.000590s ]
INFO: Run Behavior\ParseTemplateBehavior [ RunTime:0.212094s ]
INFO: [ view_parse ] --END-- [ RunTime:0.212432s ]
INFO: [ view_filter ] --START--
INFO: Run Behavior\WriteHtmlCacheBehavior [ RunTime:0.017570s ]
INFO: [ view_filter ] --END-- [ RunTime:0.018067s ]
INFO: [ app_end ] --START--
INFO: Run Behavior\ShowPageTraceBehavior [ RunTime:0.008268s ]
INFO: [ app_end ] --END-- [ RunTime:0.012799s ]

[ 2018-01-30T17:47:35+08:00 ] ::1 /campus/xyyb/index.php/Home/Index/welcome.html
INFO: [ app_init ] --START--
INFO: Run Behavior\BuildLiteBehavior [ RunTime:0.000073s ]
INFO: [ app_init ] --END-- [ RunTime:0.001357s ]
INFO: [ app_begin ] --START--
INFO: Run Behavior\ReadHtmlCacheBehavior [ RunTime:0.001780s ]
INFO: [ app_begin ] --END-- [ RunTime:0.002109s ]
INFO: [ view_parse ] --START--
INFO: [ template_filter ] --START--
INFO: Run Behavior\ContentReplaceBehavior [ RunTime:0.000146s ]
INFO: [ template_filter ] --END-- [ RunTime:0.000454s ]
INFO: Run Behavior\ParseTemplateBehavior [ RunTime:0.067323s ]
INFO: [ view_parse ] --END-- [ RunTime:0.067673s ]
INFO: [ view_filter ] --START--
INFO: Run Behavior\WriteHtmlCacheBehavior [ RunTime:0.001308s ]
INFO: [ view_filter ] --END-- [ RunTime:0.001597s ]
INFO: [ app_end ] --START--
INFO: Run Behavior\ShowPageTraceBehavior [ RunTime:0.002398s ]
INFO: [ app_end ] --END-- [ RunTime:0.002741s ]

[ 2018-01-30T17:47:40+08:00 ] ::1 /campus/xyyb/index.php/Home/Dictionary/listIndex.html
INFO: [ app_init ] --START--
INFO: Run Behavior\BuildLiteBehavior [ RunTime:0.001196s ]
INFO: [ app_init ] --END-- [ RunTime:0.002390s ]
INFO: [ app_begin ] --START--
INFO: Run Behavior\ReadHtmlCacheBehavior [ RunTime:0.001445s ]
INFO: [ app_begin ] --END-- [ RunTime:0.001761s ]
SQL: SHOW COLUMNS FROM `dictionary` [ RunTime:0.0277s ]
SQL: SHOW COLUMNS FROM `dictionary` [ RunTime:0.0160s ]
NOTIC: [2] Missing argument 1 for Home\Model\DictionaryModel::getDictionaries(), called in E:\wamp64\www\campus\xyyb\Home\Service\DictionaryService.class.php on line 18 and defined E:\wamp64\www\campus\xyyb\Home\Model\DictionaryModel.class.php 第 20 行.
SQL: SELECT * FROM `dictionary`  [ RunTime:0.0141s ]
INFO: [ view_parse ] --START--
INFO: [ template_filter ] --START--
INFO: Run Behavior\ContentReplaceBehavior [ RunTime:0.000210s ]
INFO: [ template_filter ] --END-- [ RunTime:0.000773s ]
INFO: Run Behavior\ParseTemplateBehavior [ RunTime:0.068423s ]
INFO: [ view_parse ] --END-- [ RunTime:0.068795s ]
INFO: [ view_filter ] --START--
INFO: Run Behavior\WriteHtmlCacheBehavior [ RunTime:0.001136s ]
INFO: [ view_filter ] --END-- [ RunTime:0.001456s ]
INFO: [ app_end ] --START--
INFO: Run Behavior\ShowPageTraceBehavior [ RunTime:0.001804s ]
INFO: [ app_end ] --END-- [ RunTime:0.002108s ]

[ 2018-01-30T17:47:40+08:00 ] ::1 /campus/xyyb/index.php/Home/Dictionary/showlist.html
INFO: [ app_init ] --START--
INFO: Run Behavior\BuildLiteBehavior [ RunTime:0.000069s ]
INFO: [ app_init ] --END-- [ RunTime:0.001426s ]
INFO: [ app_begin ] --START--
INFO: Run Behavior\ReadHtmlCacheBehavior [ RunTime:0.001372s ]
INFO: [ app_begin ] --END-- [ RunTime:0.001692s ]
SQL: SHOW COLUMNS FROM `dictionary` [ RunTime:0.0137s ]
SQL: SHOW COLUMNS FROM `dictionary` [ RunTime:0.0134s ]
NOTIC: [2] Missing argument 1 for Home\Model\DictionaryModel::getDictionaries(), called in E:\wamp64\www\campus\xyyb\Home\Service\DictionaryService.class.php on line 18 and defined E:\wamp64\www\campus\xyyb\Home\Model\DictionaryModel.class.php 第 20 行.
SQL: SELECT * FROM `dictionary`  [ RunTime:0.0145s ]
NOTIC: [2] Missing argument 1 for Home\Model\DictionaryModel::getDictionaries(), called in E:\wamp64\www\campus\xyyb\Home\Controller\DictionaryController.class.php on line 75 and defined E:\wamp64\www\campus\xyyb\Home\Model\DictionaryModel.class.php 第 20 行.
SQL: SELECT * FROM `dictionary`  [ RunTime:0.0140s ]
NOTIC: [8] Undefined offset: 0 E:\wamp64\www\campus\xyyb\Home\Service\DictionaryService.class.php 第 28 行.
NOTIC: [8] Undefined offset: 0 E:\wamp64\www\campus\xyyb\Home\Service\DictionaryService.class.php 第 28 行.
NOTIC: [8] Undefined offset: 0 E:\wamp64\www\campus\xyyb\Home\Service\DictionaryService.class.php 第 28 行.
NOTIC: [8] Undefined offset: 0 E:\wamp64\www\campus\xyyb\Home\Service\DictionaryService.class.php 第 28 行.
NOTIC: [8] Undefined offset: 0 E:\wamp64\www\campus\xyyb\Home\Service\DictionaryService.class.php 第 28 行.
NOTIC: [8] Undefined offset: 0 E:\wamp64\www\campus\xyyb\Home\Service\DictionaryService.class.php 第 28 行.
NOTIC: [8] Undefined offset: 0 E:\wamp64\www\campus\xyyb\Home\Service\DictionaryService.class.php 第 28 行.
NOTIC: [8] Undefined offset: 0 E:\wamp64\www\campus\xyyb\Home\Service\DictionaryService.class.php 第 28 行.
NOTIC: [8] Undefined offset: 0 E:\wamp64\www\campus\xyyb\Home\Service\DictionaryService.class.php 第 28 行.
INFO: [ view_parse ] --START--
INFO: [ template_filter ] --START--
INFO: Run Behavior\ContentReplaceBehavior [ RunTime:0.000291s ]
INFO: [ template_filter ] --END-- [ RunTime:0.000590s ]
INFO: Run Behavior\ParseTemplateBehavior [ RunTime:0.051535s ]
INFO: [ view_parse ] --END-- [ RunTime:0.051848s ]
INFO: [ view_filter ] --START--
INFO: Run Behavior\WriteHtmlCacheBehavior [ RunTime:0.000979s ]
INFO: [ view_filter ] --END-- [ RunTime:0.001270s ]
INFO: [ app_end ] --START--
INFO: Run Behavior\ShowPageTraceBehavior [ RunTime:0.002363s ]
INFO: [ app_end ] --END-- [ RunTime:0.002696s ]

[ 2018-01-30T17:48:47+08:00 ] ::1 /campus/xyyb/index.php/Home/Dictionary/index.html
INFO: [ app_init ] --START--
INFO: Run Behavior\BuildLiteBehavior [ RunTime:0.000069s ]
INFO: [ app_init ] --END-- [ RunTime:0.001362s ]
INFO: [ app_begin ] --START--
INFO: Run Behavior\ReadHtmlCacheBehavior [ RunTime:0.001837s ]
INFO: [ app_begin ] --END-- [ RunTime:0.002172s ]
SQL: SHOW COLUMNS FROM `dictionary` [ RunTime:0.0131s ]
SQL: SHOW COLUMNS FROM `dictionary` [ RunTime:0.0210s ]
NOTIC: [2] Missing argument 1 for Home\Model\DictionaryModel::getDictionaries(), called in E:\wamp64\www\campus\xyyb\Home\Service\DictionaryService.class.php on line 18 and defined E:\wamp64\www\campus\xyyb\Home\Model\DictionaryModel.class.php 第 20 行.
SQL: SELECT * FROM `dictionary`  [ RunTime:0.0140s ]
INFO: [ view_parse ] --START--
INFO: [ template_filter ] --START--
INFO: Run Behavior\ContentReplaceBehavior [ RunTime:0.000284s ]
INFO: [ template_filter ] --END-- [ RunTime:0.000757s ]
INFO: Run Behavior\ParseTemplateBehavior [ RunTime:0.052660s ]
INFO: [ view_parse ] --END-- [ RunTime:0.053014s ]
INFO: [ view_filter ] --START--
INFO: Run Behavior\WriteHtmlCacheBehavior [ RunTime:0.002169s ]
INFO: [ view_filter ] --END-- [ RunTime:0.002566s ]
INFO: [ app_end ] --START--
INFO: Run Behavior\ShowPageTraceBehavior [ RunTime:0.002316s ]
INFO: [ app_end ] --END-- [ RunTime:0.002638s ]

[ 2018-01-30T17:48:47+08:00 ] ::1 /campus/xyyb/index.php/Home/Dictionary/adddictionary.html
INFO: [ app_init ] --START--
INFO: Run Behavior\BuildLiteBehavior [ RunTime:0.000145s ]
INFO: [ app_init ] --END-- [ RunTime:0.002587s ]
INFO: [ app_begin ] --START--
INFO: Run Behavior\ReadHtmlCacheBehavior [ RunTime:0.001335s ]
INFO: [ app_begin ] --END-- [ RunTime:0.001658s ]
SQL: SHOW COLUMNS FROM `dictionary` [ RunTime:0.0141s ]
SQL: SHOW COLUMNS FROM `dictionary` [ RunTime:0.0123s ]
NOTIC: [2] Missing argument 1 for Home\Model\DictionaryModel::getDictionaries(), called in E:\wamp64\www\campus\xyyb\Home\Service\DictionaryService.class.php on line 18 and defined E:\wamp64\www\campus\xyyb\Home\Model\DictionaryModel.class.php 第 20 行.
SQL: SELECT * FROM `dictionary`  [ RunTime:0.0133s ]
NOTIC: [8] Undefined index: id E:\wamp64\www\campus\xyyb\Home\Controller\DictionaryController.class.php 第 25 行.
NOTIC: [8] Undefined index: pId E:\wamp64\www\campus\xyyb\Home\Controller\DictionaryController.class.php 第 26 行.
NOTIC: [8] Undefined index: name E:\wamp64\www\campus\xyyb\Home\Controller\DictionaryController.class.php 第 27 行.
NOTIC: [8] Undefined index: level E:\wamp64\www\campus\xyyb\Home\Controller\DictionaryController.class.php 第 28 行.
INFO: [ view_parse ] --START--
INFO: [ template_filter ] --START--
INFO: Run Behavior\ContentReplaceBehavior [ RunTime:0.000212s ]
INFO: [ template_filter ] --END-- [ RunTime:0.000517s ]
INFO: Run Behavior\ParseTemplateBehavior [ RunTime:0.066484s ]
INFO: [ view_parse ] --END-- [ RunTime:0.066851s ]
INFO: [ view_filter ] --START--
INFO: Run Behavior\WriteHtmlCacheBehavior [ RunTime:0.000895s ]
INFO: [ view_filter ] --END-- [ RunTime:0.001192s ]
INFO: [ app_end ] --START--
INFO: Run Behavior\ShowPageTraceBehavior [ RunTime:0.002245s ]
INFO: [ app_end ] --END-- [ RunTime:0.002653s ]

[ 2018-01-30T17:48:48+08:00 ] ::1 /campus/xyyb/index.php/Home/Dictionary/lib/jquery.validation/1.14.0/validate-methods.js
INFO: [ app_init ] --START--
INFO: Run Behavior\BuildLiteBehavior [ RunTime:0.000069s ]
INFO: [ app_init ] --END-- [ RunTime:0.001172s ]
INFO: [ app_begin ] --START--
INFO: Run Behavior\ReadHtmlCacheBehavior [ RunTime:0.001211s ]
INFO: [ app_begin ] --END-- [ RunTime:0.001703s ]
SQL: SHOW COLUMNS FROM `dictionary` [ RunTime:0.0119s ]
SQL: SHOW COLUMNS FROM `dictionary` [ RunTime:0.0123s ]
NOTIC: [2] Missing argument 1 for Home\Model\DictionaryModel::getDictionaries(), called in E:\wamp64\www\campus\xyyb\Home\Service\DictionaryService.class.php on line 18 and defined E:\wamp64\www\campus\xyyb\Home\Model\DictionaryModel.class.php 第 20 行.
SQL: SELECT * FROM `dictionary`  [ RunTime:0.0127s ]
ERR: 非法操作:lib

[ 2018-01-30T17:48:48+08:00 ] ::1 /campus/xyyb/index.php/Home/Dictionary/lib/jquery.validation/1.14.0/jquery.validate.js
INFO: [ app_init ] --START--
INFO: Run Behavior\BuildLiteBehavior [ RunTime:0.000074s ]
INFO: [ app_init ] --END-- [ RunTime:0.002983s ]
INFO: [ app_begin ] --START--
INFO: Run Behavior\ReadHtmlCacheBehavior [ RunTime:0.001809s ]
INFO: [ app_begin ] --END-- [ RunTime:0.002133s ]
SQL: SHOW COLUMNS FROM `dictionary` [ RunTime:0.0173s ]
SQL: SHOW COLUMNS FROM `dictionary` [ RunTime:0.0158s ]
NOTIC: [2] Missing argument 1 for Home\Model\DictionaryModel::getDictionaries(), called in E:\wamp64\www\campus\xyyb\Home\Service\DictionaryService.class.php on line 18 and defined E:\wamp64\www\campus\xyyb\Home\Model\DictionaryModel.class.php 第 20 行.
SQL: SELECT * FROM `dictionary`  [ RunTime:0.0122s ]
ERR: 非法操作:lib

[ 2018-01-30T17:48:48+08:00 ] ::1 /campus/xyyb/index.php/Home/Dictionary/lib/jquery.validation/1.14.0/messages_zh.js
INFO: [ app_init ] --START--
INFO: Run Behavior\BuildLiteBehavior [ RunTime:0.000072s ]
INFO: [ app_init ] --END-- [ RunTime:0.001381s ]
INFO: [ app_begin ] --START--
INFO: Run Behavior\ReadHtmlCacheBehavior [ RunTime:0.002186s ]
INFO: [ app_begin ] --END-- [ RunTime:0.002516s ]
SQL: SHOW COLUMNS FROM `dictionary` [ RunTime:0.0121s ]
SQL: SHOW COLUMNS FROM `dictionary` [ RunTime:0.0119s ]
NOTIC: [2] Missing argument 1 for Home\Model\DictionaryModel::getDictionaries(), called in E:\wamp64\www\campus\xyyb\Home\Service\DictionaryService.class.php on line 18 and defined E:\wamp64\www\campus\xyyb\Home\Model\DictionaryModel.class.php 第 20 行.
SQL: SELECT * FROM `dictionary`  [ RunTime:0.0127s ]
ERR: 非法操作:lib

[ 2018-01-30T17:48:48+08:00 ] ::1 /campus/xyyb/index.php/Home/Dictionary/lib/jquery.validation/1.14.0/jquery.validate.js
INFO: [ app_init ] --START--
INFO: Run Behavior\BuildLiteBehavior [ RunTime:0.000079s ]
INFO: [ app_init ] --END-- [ RunTime:0.001951s ]
INFO: [ app_begin ] --START--
INFO: Run Behavior\ReadHtmlCacheBehavior [ RunTime:0.001782s ]
INFO: [ app_begin ] --END-- [ RunTime:0.002208s ]
SQL: SHOW COLUMNS FROM `dictionary` [ RunTime:0.0131s ]
SQL: SHOW COLUMNS FROM `dictionary` [ RunTime:0.0125s ]
NOTIC: [2] Missing argument 1 for Home\Model\DictionaryModel::getDictionaries(), called in E:\wamp64\www\campus\xyyb\Home\Service\DictionaryService.class.php on line 18 and defined E:\wamp64\www\campus\xyyb\Home\Model\DictionaryModel.class.php 第 20 行.
SQL: SELECT * FROM `dictionary`  [ RunTime:0.0129s ]
ERR: 非法操作:lib

[ 2018-01-30T17:48:49+08:00 ] ::1 /campus/xyyb/index.php/Home/Dictionary/lib/jquery.validation/1.14.0/validate-methods.js
INFO: [ app_init ] --START--
INFO: Run Behavior\BuildLiteBehavior [ RunTime:0.000069s ]
INFO: [ app_init ] --END-- [ RunTime:0.004375s ]
INFO: [ app_begin ] --START--
INFO: Run Behavior\ReadHtmlCacheBehavior [ RunTime:0.025369s ]
INFO: [ app_begin ] --END-- [ RunTime:0.025735s ]
SQL: SHOW COLUMNS FROM `dictionary` [ RunTime:0.0142s ]
SQL: SHOW COLUMNS FROM `dictionary` [ RunTime:0.0123s ]
NOTIC: [2] Missing argument 1 for Home\Model\DictionaryModel::getDictionaries(), called in E:\wamp64\www\campus\xyyb\Home\Service\DictionaryService.class.php on line 18 and defined E:\wamp64\www\campus\xyyb\Home\Model\DictionaryModel.class.php 第 20 行.
SQL: SELECT * FROM `dictionary`  [ RunTime:0.0243s ]
ERR: 非法操作:lib

[ 2018-01-30T17:48:49+08:00 ] ::1 /campus/xyyb/index.php/Home/Dictionary/lib/jquery.validation/1.14.0/messages_zh.js
INFO: [ app_init ] --START--
INFO: Run Behavior\BuildLiteBehavior [ RunTime:0.000068s ]
INFO: [ app_init ] --END-- [ RunTime:0.001417s ]
INFO: [ app_begin ] --START--
INFO: Run Behavior\ReadHtmlCacheBehavior [ RunTime:0.001736s ]
INFO: [ app_begin ] --END-- [ RunTime:0.002076s ]
SQL: SHOW COLUMNS FROM `dictionary` [ RunTime:0.0125s ]
SQL: SHOW COLUMNS FROM `dictionary` [ RunTime:0.0119s ]
NOTIC: [2] Missing argument 1 for Home\Model\DictionaryModel::getDictionaries(), called in E:\wamp64\www\campus\xyyb\Home\Service\DictionaryService.class.php on line 18 and defined E:\wamp64\www\campus\xyyb\Home\Model\DictionaryModel.class.php 第 20 行.
SQL: SELECT * FROM `dictionary`  [ RunTime:0.0138s ]
ERR: 非法操作:lib

[ 2018-01-30T17:49:20+08:00 ] ::1 /campus/xyyb/index.php/Home/Dictionary/listIndex.html
INFO: [ app_init ] --START--
INFO: Run Behavior\BuildLiteBehavior [ RunTime:0.000078s ]
INFO: [ app_init ] --END-- [ RunTime:0.010271s ]
INFO: [ app_begin ] --START--
INFO: Run Behavior\ReadHtmlCacheBehavior [ RunTime:0.002216s ]
INFO: [ app_begin ] --END-- [ RunTime:0.002583s ]
SQL: SHOW COLUMNS FROM `dictionary` [ RunTime:0.0155s ]
SQL: SHOW COLUMNS FROM `dictionary` [ RunTime:0.0143s ]
NOTIC: [2] Missing argument 1 for Home\Model\DictionaryModel::getDictionaries(), called in E:\wamp64\www\campus\xyyb\Home\Service\DictionaryService.class.php on line 18 and defined E:\wamp64\www\campus\xyyb\Home\Model\DictionaryModel.class.php 第 20 行.
SQL: SELECT * FROM `dictionary`  [ RunTime:0.0137s ]
INFO: [ view_parse ] --START--
INFO: [ template_filter ] --START--
INFO: Run Behavior\ContentReplaceBehavior [ RunTime:0.000215s ]
INFO: [ template_filter ] --END-- [ RunTime:0.002308s ]
INFO: Run Behavior\ParseTemplateBehavior [ RunTime:0.027453s ]
INFO: [ view_parse ] --END-- [ RunTime:0.027861s ]
INFO: [ view_filter ] --START--
INFO: Run Behavior\WriteHtmlCacheBehavior [ RunTime:0.001731s ]
INFO: [ view_filter ] --END-- [ RunTime:0.002120s ]
INFO: [ app_end ] --START--
INFO: Run Behavior\ShowPageTraceBehavior [ RunTime:0.002496s ]
INFO: [ app_end ] --END-- [ RunTime:0.002876s ]

[ 2018-01-30T17:49:21+08:00 ] ::1 /campus/xyyb/index.php/Home/Dictionary/showlist.html
INFO: [ app_init ] --START--
INFO: Run Behavior\BuildLiteBehavior [ RunTime:0.000072s ]
INFO: [ app_init ] --END-- [ RunTime:0.001330s ]
INFO: [ app_begin ] --START--
INFO: Run Behavior\ReadHtmlCacheBehavior [ RunTime:0.002490s ]
INFO: [ app_begin ] --END-- [ RunTime:0.002837s ]
SQL: SHOW COLUMNS FROM `dictionary` [ RunTime:0.0120s ]
SQL: SHOW COLUMNS FROM `dictionary` [ RunTime:0.0119s ]
NOTIC: [2] Missing argument 1 for Home\Model\DictionaryModel::getDictionaries(), called in E:\wamp64\www\campus\xyyb\Home\Service\DictionaryService.class.php on line 18 and defined E:\wamp64\www\campus\xyyb\Home\Model\DictionaryModel.class.php 第 20 行.
SQL: SELECT * FROM `dictionary`  [ RunTime:0.0122s ]
NOTIC: [2] Missing argument 1 for Home\Model\DictionaryModel::getDictionaries(), called in E:\wamp64\www\campus\xyyb\Home\Controller\DictionaryController.class.php on line 75 and defined E:\wamp64\www\campus\xyyb\Home\Model\DictionaryModel.class.php 第 20 行.
SQL: SELECT * FROM `dictionary`  [ RunTime:0.0146s ]
NOTIC: [8] Undefined offset: 0 E:\wamp64\www\campus\xyyb\Home\Service\DictionaryService.class.php 第 28 行.
NOTIC: [8] Undefined offset: 0 E:\wamp64\www\campus\xyyb\Home\Service\DictionaryService.class.php 第 28 行.
NOTIC: [8] Undefined offset: 0 E:\wamp64\www\campus\xyyb\Home\Service\DictionaryService.class.php 第 28 行.
NOTIC: [8] Undefined offset: 0 E:\wamp64\www\campus\xyyb\Home\Service\DictionaryService.class.php 第 28 行.
NOTIC: [8] Undefined offset: 0 E:\wamp64\www\campus\xyyb\Home\Service\DictionaryService.class.php 第 28 行.
NOTIC: [8] Undefined offset: 0 E:\wamp64\www\campus\xyyb\Home\Service\DictionaryService.class.php 第 28 行.
NOTIC: [8] Undefined offset: 0 E:\wamp64\www\campus\xyyb\Home\Service\DictionaryService.class.php 第 28 行.
NOTIC: [8] Undefined offset: 0 E:\wamp64\www\campus\xyyb\Home\Service\DictionaryService.class.php 第 28 行.
NOTIC: [8] Undefined offset: 0 E:\wamp64\www\campus\xyyb\Home\Service\DictionaryService.class.php 第 28 行.
INFO: [ view_parse ] --START--
INFO: [ template_filter ] --START--
INFO: Run Behavior\ContentReplaceBehavior [ RunTime:0.000330s ]
INFO: [ template_filter ] --END-- [ RunTime:0.000626s ]
INFO: Run Behavior\ParseTemplateBehavior [ RunTime:0.034700s ]
INFO: [ view_parse ] --END-- [ RunTime:0.035014s ]
INFO: [ view_filter ] --START--
INFO: Run Behavior\WriteHtmlCacheBehavior [ RunTime:0.001996s ]
INFO: [ view_filter ] --END-- [ RunTime:0.002298s ]
INFO: [ app_end ] --START--
INFO: Run Behavior\ShowPageTraceBehavior [ RunTime:0.002055s ]
INFO: [ app_end ] --END-- [ RunTime:0.002424s ]

[ 2018-01-30T17:49:29+08:00 ] ::1 /campus/xyyb/index.php/Home/Dictionary/index.html
INFO: [ app_init ] --START--
INFO: Run Behavior\BuildLiteBehavior [ RunTime:0.000124s ]
INFO: [ app_init ] --END-- [ RunTime:0.001494s ]
INFO: [ app_begin ] --START--
INFO: Run Behavior\ReadHtmlCacheBehavior [ RunTime:0.003116s ]
INFO: [ app_begin ] --END-- [ RunTime:0.003447s ]
SQL: SHOW COLUMNS FROM `dictionary` [ RunTime:0.0120s ]
SQL: SHOW COLUMNS FROM `dictionary` [ RunTime:0.0135s ]
NOTIC: [2] Missing argument 1 for Home\Model\DictionaryModel::getDictionaries(), called in E:\wamp64\www\campus\xyyb\Home\Service\DictionaryService.class.php on line 18 and defined E:\wamp64\www\campus\xyyb\Home\Model\DictionaryModel.class.php 第 20 行.
SQL: SELECT * FROM `dictionary`  [ RunTime:0.0120s ]
INFO: [ view_parse ] --START--
INFO: [ template_filter ] --START--
INFO: Run Behavior\ContentReplaceBehavior [ RunTime:0.000332s ]
INFO: [ template_filter ] --END-- [ RunTime:0.001003s ]
INFO: Run Behavior\ParseTemplateBehavior [ RunTime:0.028541s ]
INFO: [ view_parse ] --END-- [ RunTime:0.028905s ]
INFO: [ view_filter ] --START--
INFO: Run Behavior\WriteHtmlCacheBehavior [ RunTime:0.003266s ]
INFO: [ view_filter ] --END-- [ RunTime:0.003736s ]
INFO: [ app_end ] --START--
INFO: Run Behavior\ShowPageTraceBehavior [ RunTime:0.002936s ]
INFO: [ app_end ] --END-- [ RunTime:0.003263s ]

[ 2018-01-30T17:49:29+08:00 ] ::1 /campus/xyyb/index.php/Home/Dictionary/adddictionary.html
INFO: [ app_init ] --START--
INFO: Run Behavior\BuildLiteBehavior [ RunTime:0.000069s ]
INFO: [ app_init ] --END-- [ RunTime:0.001577s ]
INFO: [ app_begin ] --START--
INFO: Run Behavior\ReadHtmlCacheBehavior [ RunTime:0.001653s ]
INFO: [ app_begin ] --END-- [ RunTime:0.001965s ]
SQL: SHOW COLUMNS FROM `dictionary` [ RunTime:0.0139s ]
SQL: SHOW COLUMNS FROM `dictionary` [ RunTime:0.0143s ]
NOTIC: [2] Missing argument 1 for Home\Model\DictionaryModel::getDictionaries(), called in E:\wamp64\www\campus\xyyb\Home\Service\DictionaryService.class.php on line 18 and defined E:\wamp64\www\campus\xyyb\Home\Model\DictionaryModel.class.php 第 20 行.
SQL: SELECT * FROM `dictionary`  [ RunTime:0.0140s ]
NOTIC: [8] Undefined index: id E:\wamp64\www\campus\xyyb\Home\Controller\DictionaryController.class.php 第 25 行.
NOTIC: [8] Undefined index: pId E:\wamp64\www\campus\xyyb\Home\Controller\DictionaryController.class.php 第 26 行.
NOTIC: [8] Undefined index: name E:\wamp64\www\campus\xyyb\Home\Controller\DictionaryController.class.php 第 27 行.
NOTIC: [8] Undefined index: level E:\wamp64\www\campus\xyyb\Home\Controller\DictionaryController.class.php 第 28 行.
INFO: [ view_parse ] --START--
INFO: [ template_filter ] --START--
INFO: Run Behavior\ContentReplaceBehavior [ RunTime:0.000220s ]
INFO: [ template_filter ] --END-- [ RunTime:0.000621s ]
INFO: Run Behavior\ParseTemplateBehavior [ RunTime:0.027089s ]
INFO: [ view_parse ] --END-- [ RunTime:0.027474s ]
INFO: [ view_filter ] --START--
INFO: Run Behavior\WriteHtmlCacheBehavior [ RunTime:0.002114s ]
INFO: [ view_filter ] --END-- [ RunTime:0.002577s ]
INFO: [ app_end ] --START--
INFO: Run Behavior\ShowPageTraceBehavior [ RunTime:0.001868s ]
INFO: [ app_end ] --END-- [ RunTime:0.002195s ]

[ 2018-01-30T17:49:30+08:00 ] ::1 /campus/xyyb/index.php/Home/Dictionary/lib/jquery.validation/1.14.0/jquery.validate.js
INFO: [ app_init ] --START--
INFO: Run Behavior\BuildLiteBehavior [ RunTime:0.000076s ]
INFO: [ app_init ] --END-- [ RunTime:0.001891s ]
INFO: [ app_begin ] --START--
INFO: Run Behavior\ReadHtmlCacheBehavior [ RunTime:0.001736s ]
INFO: [ app_begin ] --END-- [ RunTime:0.002052s ]
SQL: SHOW COLUMNS FROM `dictionary` [ RunTime:0.0129s ]
SQL: SHOW COLUMNS FROM `dictionary` [ RunTime:0.0128s ]
NOTIC: [2] Missing argument 1 for Home\Model\DictionaryModel::getDictionaries(), called in E:\wamp64\www\campus\xyyb\Home\Service\DictionaryService.class.php on line 18 and defined E:\wamp64\www\campus\xyyb\Home\Model\DictionaryModel.class.php 第 20 行.
SQL: SELECT * FROM `dictionary`  [ RunTime:0.0130s ]
ERR: 非法操作:lib

[ 2018-01-30T17:49:30+08:00 ] ::1 /campus/xyyb/index.php/Home/Dictionary/lib/jquery.validation/1.14.0/validate-methods.js
INFO: [ app_init ] --START--
INFO: Run Behavior\BuildLiteBehavior [ RunTime:0.000068s ]
INFO: [ app_init ] --END-- [ RunTime:0.001254s ]
INFO: [ app_begin ] --START--
INFO: Run Behavior\ReadHtmlCacheBehavior [ RunTime:0.042899s ]
INFO: [ app_begin ] --END-- [ RunTime:0.043218s ]
SQL: SHOW COLUMNS FROM `dictionary` [ RunTime:0.0117s ]
SQL: SHOW COLUMNS FROM `dictionary` [ RunTime:0.0121s ]
NOTIC: [2] Missing argument 1 for Home\Model\DictionaryModel::getDictionaries(), called in E:\wamp64\www\campus\xyyb\Home\Service\DictionaryService.class.php on line 18 and defined E:\wamp64\www\campus\xyyb\Home\Model\DictionaryModel.class.php 第 20 行.
SQL: SELECT * FROM `dictionary`  [ RunTime:0.0134s ]
ERR: 非法操作:lib

[ 2018-01-30T17:49:30+08:00 ] ::1 /campus/xyyb/index.php/Home/Dictionary/lib/jquery.validation/1.14.0/messages_zh.js
INFO: [ app_init ] --START--
INFO: Run Behavior\BuildLiteBehavior [ RunTime:0.000073s ]
INFO: [ app_init ] --END-- [ RunTime:0.001535s ]
INFO: [ app_begin ] --START--
INFO: Run Behavior\ReadHtmlCacheBehavior [ RunTime:0.002734s ]
INFO: [ app_begin ] --END-- [ RunTime:0.003122s ]
SQL: SHOW COLUMNS FROM `dictionary` [ RunTime:0.0117s ]
SQL: SHOW COLUMNS FROM `dictionary` [ RunTime:0.0123s ]
NOTIC: [2] Missing argument 1 for Home\Model\DictionaryModel::getDictionaries(), called in E:\wamp64\www\campus\xyyb\Home\Service\DictionaryService.class.php on line 18 and defined E:\wamp64\www\campus\xyyb\Home\Model\DictionaryModel.class.php 第 20 行.
SQL: SELECT * FROM `dictionary`  [ RunTime:0.0129s ]
ERR: 非法操作:lib

[ 2018-01-30T17:49:30+08:00 ] ::1 /campus/xyyb/index.php/Home/Dictionary/lib/jquery.validation/1.14.0/jquery.validate.js
INFO: [ app_init ] --START--
INFO: Run Behavior\BuildLiteBehavior [ RunTime:0.000108s ]
INFO: [ app_init ] --END-- [ RunTime:0.001900s ]
INFO: [ app_begin ] --START--
INFO: Run Behavior\ReadHtmlCacheBehavior [ RunTime:0.002735s ]
INFO: [ app_begin ] --END-- [ RunTime:0.003114s ]
SQL: SHOW COLUMNS FROM `dictionary` [ RunTime:0.0143s ]
SQL: SHOW COLUMNS FROM `dictionary` [ RunTime:0.0128s ]
NOTIC: [2] Missing argument 1 for Home\Model\DictionaryModel::getDictionaries(), called in E:\wamp64\www\campus\xyyb\Home\Service\DictionaryService.class.php on line 18 and defined E:\wamp64\www\campus\xyyb\Home\Model\DictionaryModel.class.php 第 20 行.
SQL: SELECT * FROM `dictionary`  [ RunTime:0.0144s ]
ERR: 非法操作:lib

[ 2018-01-30T17:49:30+08:00 ] ::1 /campus/xyyb/index.php/Home/Dictionary/lib/jquery.validation/1.14.0/validate-methods.js
INFO: [ app_init ] --START--
INFO: Run Behavior\BuildLiteBehavior [ RunTime:0.000073s ]
INFO: [ app_init ] --END-- [ RunTime:0.002073s ]
INFO: [ app_begin ] --START--
INFO: Run Behavior\ReadHtmlCacheBehavior [ RunTime:0.006379s ]
INFO: [ app_begin ] --END-- [ RunTime:0.006771s ]
SQL: SHOW COLUMNS FROM `dictionary` [ RunTime:0.0129s ]
SQL: SHOW COLUMNS FROM `dictionary` [ RunTime:0.0137s ]
NOTIC: [2] Missing argument 1 for Home\Model\DictionaryModel::getDictionaries(), called in E:\wamp64\www\campus\xyyb\Home\Service\DictionaryService.class.php on line 18 and defined E:\wamp64\www\campus\xyyb\Home\Model\DictionaryModel.class.php 第 20 行.
SQL: SELECT * FROM `dictionary`  [ RunTime:0.0305s ]
ERR: 非法操作:lib

[ 2018-01-30T17:49:31+08:00 ] ::1 /campus/xyyb/index.php/Home/Dictionary/lib/jquery.validation/1.14.0/messages_zh.js
INFO: [ app_init ] --START--
INFO: Run Behavior\BuildLiteBehavior [ RunTime:0.000066s ]
INFO: [ app_init ] --END-- [ RunTime:0.001307s ]
INFO: [ app_begin ] --START--
INFO: Run Behavior\ReadHtmlCacheBehavior [ RunTime:0.002095s ]
INFO: [ app_begin ] --END-- [ RunTime:0.002410s ]
SQL: SHOW COLUMNS FROM `dictionary` [ RunTime:0.0133s ]
SQL: SHOW COLUMNS FROM `dictionary` [ RunTime:0.0135s ]
NOTIC: [2] Missing argument 1 for Home\Model\DictionaryModel::getDictionaries(), called in E:\wamp64\www\campus\xyyb\Home\Service\DictionaryService.class.php on line 18 and defined E:\wamp64\www\campus\xyyb\Home\Model\DictionaryModel.class.php 第 20 行.
SQL: SELECT * FROM `dictionary`  [ RunTime:0.0144s ]
ERR: 非法操作:lib

[ 2018-01-30T17:49:59+08:00 ] ::1 /campus/xyyb/index.php/Home/Dictionary/listIndex.html
INFO: [ app_init ] --START--
INFO: Run Behavior\BuildLiteBehavior [ RunTime:0.000085s ]
INFO: [ app_init ] --END-- [ RunTime:0.003049s ]
INFO: [ app_begin ] --START--
INFO: Run Behavior\ReadHtmlCacheBehavior [ RunTime:0.007809s ]
INFO: [ app_begin ] --END-- [ RunTime:0.008168s ]
SQL: SHOW COLUMNS FROM `dictionary` [ RunTime:0.0128s ]
SQL: SHOW COLUMNS FROM `dictionary` [ RunTime:0.0138s ]
NOTIC: [2] Missing argument 1 for Home\Model\DictionaryModel::getDictionaries(), called in E:\wamp64\www\campus\xyyb\Home\Service\DictionaryService.class.php on line 18 and defined E:\wamp64\www\campus\xyyb\Home\Model\DictionaryModel.class.php 第 20 行.
SQL: SELECT * FROM `dictionary`  [ RunTime:0.0121s ]
INFO: [ view_parse ] --START--
INFO: [ template_filter ] --START--
INFO: Run Behavior\ContentReplaceBehavior [ RunTime:0.000224s ]
INFO: [ template_filter ] --END-- [ RunTime:0.000543s ]
INFO: Run Behavior\ParseTemplateBehavior [ RunTime:0.031064s ]
INFO: [ view_parse ] --END-- [ RunTime:0.031415s ]
INFO: [ view_filter ] --START--
INFO: Run Behavior\WriteHtmlCacheBehavior [ RunTime:0.001456s ]
INFO: [ view_filter ] --END-- [ RunTime:0.001764s ]
INFO: [ app_end ] --START--
INFO: Run Behavior\ShowPageTraceBehavior [ RunTime:0.002844s ]
INFO: [ app_end ] --END-- [ RunTime:0.003223s ]

[ 2018-01-30T17:49:59+08:00 ] ::1 /campus/xyyb/index.php/Home/Dictionary/showlist.html
INFO: [ app_init ] --START--
INFO: Run Behavior\BuildLiteBehavior [ RunTime:0.000074s ]
INFO: [ app_init ] --END-- [ RunTime:0.001432s ]
INFO: [ app_begin ] --START--
INFO: Run Behavior\ReadHtmlCacheBehavior [ RunTime:0.001801s ]
INFO: [ app_begin ] --END-- [ RunTime:0.002148s ]
SQL: SHOW COLUMNS FROM `dictionary` [ RunTime:0.0139s ]
SQL: SHOW COLUMNS FROM `dictionary` [ RunTime:0.0187s ]
NOTIC: [2] Missing argument 1 for Home\Model\DictionaryModel::getDictionaries(), called in E:\wamp64\www\campus\xyyb\Home\Service\DictionaryService.class.php on line 18 and defined E:\wamp64\www\campus\xyyb\Home\Model\DictionaryModel.class.php 第 20 行.
SQL: SELECT * FROM `dictionary`  [ RunTime:0.0138s ]
NOTIC: [2] Missing argument 1 for Home\Model\DictionaryModel::getDictionaries(), called in E:\wamp64\www\campus\xyyb\Home\Controller\DictionaryController.class.php on line 75 and defined E:\wamp64\www\campus\xyyb\Home\Model\DictionaryModel.class.php 第 20 行.
SQL: SELECT * FROM `dictionary`  [ RunTime:0.0156s ]
NOTIC: [8] Undefined offset: 0 E:\wamp64\www\campus\xyyb\Home\Service\DictionaryService.class.php 第 28 行.
NOTIC: [8] Undefined offset: 0 E:\wamp64\www\campus\xyyb\Home\Service\DictionaryService.class.php 第 28 行.
NOTIC: [8] Undefined offset: 0 E:\wamp64\www\campus\xyyb\Home\Service\DictionaryService.class.php 第 28 行.
NOTIC: [8] Undefined offset: 0 E:\wamp64\www\campus\xyyb\Home\Service\DictionaryService.class.php 第 28 行.
NOTIC: [8] Undefined offset: 0 E:\wamp64\www\campus\xyyb\Home\Service\DictionaryService.class.php 第 28 行.
NOTIC: [8] Undefined offset: 0 E:\wamp64\www\campus\xyyb\Home\Service\DictionaryService.class.php 第 28 行.
NOTIC: [8] Undefined offset: 0 E:\wamp64\www\campus\xyyb\Home\Service\DictionaryService.class.php 第 28 行.
NOTIC: [8] Undefined offset: 0 E:\wamp64\www\campus\xyyb\Home\Service\DictionaryService.class.php 第 28 行.
NOTIC: [8] Undefined offset: 0 E:\wamp64\www\campus\xyyb\Home\Service\DictionaryService.class.php 第 28 行.
INFO: [ view_parse ] --START--
INFO: [ template_filter ] --START--
INFO: Run Behavior\ContentReplaceBehavior [ RunTime:0.000301s ]
INFO: [ template_filter ] --END-- [ RunTime:0.000655s ]
INFO: Run Behavior\ParseTemplateBehavior [ RunTime:0.033557s ]
INFO: [ view_parse ] --END-- [ RunTime:0.033876s ]
INFO: [ view_filter ] --START--
INFO: Run Behavior\WriteHtmlCacheBehavior [ RunTime:0.001436s ]
INFO: [ view_filter ] --END-- [ RunTime:0.001730s ]
INFO: [ app_end ] --START--
INFO: Run Behavior\ShowPageTraceBehavior [ RunTime:0.003233s ]
INFO: [ app_end ] --END-- [ RunTime:0.003584s ]

[ 2018-01-30T17:51:10+08:00 ] ::1 /campus/xyyb/index.php/Home/Dictionary/listIndex.html
INFO: [ app_init ] --START--
INFO: Run Behavior\BuildLiteBehavior [ RunTime:0.000070s ]
INFO: [ app_init ] --END-- [ RunTime:0.001338s ]
INFO: [ app_begin ] --START--
INFO: Run Behavior\ReadHtmlCacheBehavior [ RunTime:0.002156s ]
INFO: [ app_begin ] --END-- [ RunTime:0.002473s ]
SQL: SHOW COLUMNS FROM `dictionary` [ RunTime:0.0202s ]
SQL: SHOW COLUMNS FROM `dictionary` [ RunTime:0.0138s ]
NOTIC: [2] Missing argument 1 for Home\Model\DictionaryModel::getDictionaries(), called in E:\wamp64\www\campus\xyyb\Home\Service\DictionaryService.class.php on line 18 and defined E:\wamp64\www\campus\xyyb\Home\Model\DictionaryModel.class.php 第 20 行.
SQL: SELECT * FROM `dictionary` ORDER BY id desc  [ RunTime:0.0218s ]
INFO: [ view_parse ] --START--
INFO: [ template_filter ] --START--
INFO: Run Behavior\ContentReplaceBehavior [ RunTime:0.000230s ]
INFO: [ template_filter ] --END-- [ RunTime:0.000557s ]
INFO: Run Behavior\ParseTemplateBehavior [ RunTime:0.024202s ]
INFO: [ view_parse ] --END-- [ RunTime:0.024640s ]
INFO: [ view_filter ] --START--
INFO: Run Behavior\WriteHtmlCacheBehavior [ RunTime:0.001539s ]
INFO: [ view_filter ] --END-- [ RunTime:0.001846s ]
INFO: [ app_end ] --START--
INFO: Run Behavior\ShowPageTraceBehavior [ RunTime:0.001945s ]
INFO: [ app_end ] --END-- [ RunTime:0.002270s ]

[ 2018-01-30T17:51:12+08:00 ] ::1 /campus/xyyb/index.php/Home/Dictionary/showlist.html
INFO: [ app_init ] --START--
INFO: Run Behavior\BuildLiteBehavior [ RunTime:0.000073s ]
INFO: [ app_init ] --END-- [ RunTime:0.001694s ]
INFO: [ app_begin ] --START--
INFO: Run Behavior\ReadHtmlCacheBehavior [ RunTime:0.001803s ]
INFO: [ app_begin ] --END-- [ RunTime:0.002145s ]
SQL: SHOW COLUMNS FROM `dictionary` [ RunTime:0.0133s ]
SQL: SHOW COLUMNS FROM `dictionary` [ RunTime:0.0130s ]
NOTIC: [2] Missing argument 1 for Home\Model\DictionaryModel::getDictionaries(), called in E:\wamp64\www\campus\xyyb\Home\Service\DictionaryService.class.php on line 18 and defined E:\wamp64\www\campus\xyyb\Home\Model\DictionaryModel.class.php 第 20 行.
SQL: SELECT * FROM `dictionary` ORDER BY id desc  [ RunTime:0.0135s ]
NOTIC: [2] Missing argument 1 for Home\Model\DictionaryModel::getDictionaries(), called in E:\wamp64\www\campus\xyyb\Home\Controller\DictionaryController.class.php on line 75 and defined E:\wamp64\www\campus\xyyb\Home\Model\DictionaryModel.class.php 第 20 行.
SQL: SELECT * FROM `dictionary` ORDER BY id desc  [ RunTime:0.0157s ]
NOTIC: [8] Undefined offset: 0 E:\wamp64\www\campus\xyyb\Home\Service\DictionaryService.class.php 第 28 行.
NOTIC: [8] Undefined offset: 0 E:\wamp64\www\campus\xyyb\Home\Service\DictionaryService.class.php 第 28 行.
NOTIC: [8] Undefined offset: 0 E:\wamp64\www\campus\xyyb\Home\Service\DictionaryService.class.php 第 28 行.
NOTIC: [8] Undefined offset: 0 E:\wamp64\www\campus\xyyb\Home\Service\DictionaryService.class.php 第 28 行.
NOTIC: [8] Undefined offset: 0 E:\wamp64\www\campus\xyyb\Home\Service\DictionaryService.class.php 第 28 行.
NOTIC: [8] Undefined offset: 0 E:\wamp64\www\campus\xyyb\Home\Service\DictionaryService.class.php 第 28 行.
NOTIC: [8] Undefined offset: 0 E:\wamp64\www\campus\xyyb\Home\Service\DictionaryService.class.php 第 28 行.
NOTIC: [8] Undefined offset: 0 E:\wamp64\www\campus\xyyb\Home\Service\DictionaryService.class.php 第 28 行.
NOTIC: [8] Undefined offset: 0 E:\wamp64\www\campus\xyyb\Home\Service\DictionaryService.class.php 第 28 行.
INFO: [ view_parse ] --START--
INFO: [ template_filter ] --START--
INFO: Run Behavior\ContentReplaceBehavior [ RunTime:0.000301s ]
INFO: [ template_filter ] --END-- [ RunTime:0.000614s ]
INFO: Run Behavior\ParseTemplateBehavior [ RunTime:0.031242s ]
INFO: [ view_parse ] --END-- [ RunTime:0.031580s ]
INFO: [ view_filter ] --START--
INFO: Run Behavior\WriteHtmlCacheBehavior [ RunTime:0.001302s ]
INFO: [ view_filter ] --END-- [ RunTime:0.001581s ]
INFO: [ app_end ] --START--
INFO: Run Behavior\ShowPageTraceBehavior [ RunTime:0.002446s ]
INFO: [ app_end ] --END-- [ RunTime:0.002835s ]

[ 2018-01-30T17:51:27+08:00 ] ::1 /campus/xyyb/index.php/Home/Dictionary/listIndex.html
INFO: [ app_init ] --START--
INFO: Run Behavior\BuildLiteBehavior [ RunTime:0.000077s ]
INFO: [ app_init ] --END-- [ RunTime:0.001542s ]
INFO: [ app_begin ] --START--
INFO: Run Behavior\ReadHtmlCacheBehavior [ RunTime:0.001833s ]
INFO: [ app_begin ] --END-- [ RunTime:0.002216s ]
SQL: SHOW COLUMNS FROM `dictionary` [ RunTime:0.0131s ]
SQL: SHOW COLUMNS FROM `dictionary` [ RunTime:0.0180s ]
NOTIC: [2] Missing argument 1 for Home\Model\DictionaryModel::getDictionaries(), called in E:\wamp64\www\campus\xyyb\Home\Service\DictionaryService.class.php on line 18 and defined E:\wamp64\www\campus\xyyb\Home\Model\DictionaryModel.class.php 第 20 行.
SQL: SELECT * FROM `dictionary` ORDER BY id asc  [ RunTime:0.0129s ]
INFO: [ view_parse ] --START--
INFO: [ template_filter ] --START--
INFO: Run Behavior\ContentReplaceBehavior [ RunTime:0.000233s ]
INFO: [ template_filter ] --END-- [ RunTime:0.000553s ]
INFO: Run Behavior\ParseTemplateBehavior [ RunTime:0.058441s ]
INFO: [ view_parse ] --END-- [ RunTime:0.058848s ]
INFO: [ view_filter ] --START--
INFO: Run Behavior\WriteHtmlCacheBehavior [ RunTime:0.001559s ]
INFO: [ view_filter ] --END-- [ RunTime:0.001898s ]
INFO: [ app_end ] --START--
INFO: Run Behavior\ShowPageTraceBehavior [ RunTime:0.002462s ]
INFO: [ app_end ] --END-- [ RunTime:0.003301s ]

[ 2018-01-30T17:51:28+08:00 ] ::1 /campus/xyyb/index.php/Home/Dictionary/showlist.html
INFO: [ app_init ] --START--
INFO: Run Behavior\BuildLiteBehavior [ RunTime:0.000073s ]
INFO: [ app_init ] --END-- [ RunTime:0.001626s ]
INFO: [ app_begin ] --START--
INFO: Run Behavior\ReadHtmlCacheBehavior [ RunTime:0.001757s ]
INFO: [ app_begin ] --END-- [ RunTime:0.002087s ]
SQL: SHOW COLUMNS FROM `dictionary` [ RunTime:0.0129s ]
SQL: SHOW COLUMNS FROM `dictionary` [ RunTime:0.0131s ]
NOTIC: [2] Missing argument 1 for Home\Model\DictionaryModel::getDictionaries(), called in E:\wamp64\www\campus\xyyb\Home\Service\DictionaryService.class.php on line 18 and defined E:\wamp64\www\campus\xyyb\Home\Model\DictionaryModel.class.php 第 20 行.
SQL: SELECT * FROM `dictionary` ORDER BY id asc  [ RunTime:0.0137s ]
NOTIC: [2] Missing argument 1 for Home\Model\DictionaryModel::getDictionaries(), called in E:\wamp64\www\campus\xyyb\Home\Controller\DictionaryController.class.php on line 75 and defined E:\wamp64\www\campus\xyyb\Home\Model\DictionaryModel.class.php 第 20 行.
SQL: SELECT * FROM `dictionary` ORDER BY id asc  [ RunTime:0.0147s ]
NOTIC: [8] Undefined offset: 0 E:\wamp64\www\campus\xyyb\Home\Service\DictionaryService.class.php 第 28 行.
NOTIC: [8] Undefined offset: 0 E:\wamp64\www\campus\xyyb\Home\Service\DictionaryService.class.php 第 28 行.
NOTIC: [8] Undefined offset: 0 E:\wamp64\www\campus\xyyb\Home\Service\DictionaryService.class.php 第 28 行.
NOTIC: [8] Undefined offset: 0 E:\wamp64\www\campus\xyyb\Home\Service\DictionaryService.class.php 第 28 行.
NOTIC: [8] Undefined offset: 0 E:\wamp64\www\campus\xyyb\Home\Service\DictionaryService.class.php 第 28 行.
NOTIC: [8] Undefined offset: 0 E:\wamp64\www\campus\xyyb\Home\Service\DictionaryService.class.php 第 28 行.
NOTIC: [8] Undefined offset: 0 E:\wamp64\www\campus\xyyb\Home\Service\DictionaryService.class.php 第 28 行.
NOTIC: [8] Undefined offset: 0 E:\wamp64\www\campus\xyyb\Home\Service\DictionaryService.class.php 第 28 行.
NOTIC: [8] Undefined offset: 0 E:\wamp64\www\campus\xyyb\Home\Service\DictionaryService.class.php 第 28 行.
INFO: [ view_parse ] --START--
INFO: [ template_filter ] --START--
INFO: Run Behavior\ContentReplaceBehavior [ RunTime:0.000301s ]
INFO: [ template_filter ] --END-- [ RunTime:0.000606s ]
INFO: Run Behavior\ParseTemplateBehavior [ RunTime:0.036112s ]
INFO: [ view_parse ] --END-- [ RunTime:0.036473s ]
INFO: [ view_filter ] --START--
INFO: Run Behavior\WriteHtmlCacheBehavior [ RunTime:0.001347s ]
INFO: [ view_filter ] --END-- [ RunTime:0.001624s ]
INFO: [ app_end ] --START--
INFO: Run Behavior\ShowPageTraceBehavior [ RunTime:0.002350s ]
INFO: [ app_end ] --END-- [ RunTime:0.002673s ]

[ 2018-01-30T17:52:35+08:00 ] ::1 /campus/xyyb/index.php/Home/Dictionary/listIndex.html
INFO: [ app_init ] --START--
INFO: Run Behavior\BuildLiteBehavior [ RunTime:0.000104s ]
INFO: [ app_init ] --END-- [ RunTime:0.016129s ]
INFO: [ app_begin ] --START--
INFO: Run Behavior\ReadHtmlCacheBehavior [ RunTime:0.140467s ]
INFO: [ app_begin ] --END-- [ RunTime:0.140880s ]
SQL: SHOW COLUMNS FROM `dictionary` [ RunTime:0.0141s ]
SQL: SHOW COLUMNS FROM `dictionary` [ RunTime:0.0118s ]
NOTIC: [2] Missing argument 1 for Home\Model\DictionaryModel::getDictionaries(), called in E:\wamp64\www\campus\xyyb\Home\Service\DictionaryService.class.php on line 18 and defined E:\wamp64\www\campus\xyyb\Home\Model\DictionaryModel.class.php 第 20 行.
SQL: SELECT * FROM `dictionary` ORDER BY id  [ RunTime:0.0149s ]
INFO: [ view_parse ] --START--
INFO: [ template_filter ] --START--
INFO: Run Behavior\ContentReplaceBehavior [ RunTime:0.000236s ]
INFO: [ template_filter ] --END-- [ RunTime:0.000785s ]
INFO: Run Behavior\ParseTemplateBehavior [ RunTime:0.038900s ]
INFO: [ view_parse ] --END-- [ RunTime:0.039267s ]
INFO: [ view_filter ] --START--
INFO: Run Behavior\WriteHtmlCacheBehavior [ RunTime:0.001375s ]
INFO: [ view_filter ] --END-- [ RunTime:0.001847s ]
INFO: [ app_end ] --START--
INFO: Run Behavior\ShowPageTraceBehavior [ RunTime:0.002084s ]
INFO: [ app_end ] --END-- [ RunTime:0.002452s ]

[ 2018-01-30T17:52:35+08:00 ] ::1 /campus/xyyb/index.php/Home/Dictionary/showlist.html
INFO: [ app_init ] --START--
INFO: Run Behavior\BuildLiteBehavior [ RunTime:0.000076s ]
INFO: [ app_init ] --END-- [ RunTime:0.001440s ]
INFO: [ app_begin ] --START--
INFO: Run Behavior\ReadHtmlCacheBehavior [ RunTime:0.001873s ]
INFO: [ app_begin ] --END-- [ RunTime:0.002197s ]
SQL: SHOW COLUMNS FROM `dictionary` [ RunTime:0.0116s ]
SQL: SHOW COLUMNS FROM `dictionary` [ RunTime:0.0211s ]
NOTIC: [2] Missing argument 1 for Home\Model\DictionaryModel::getDictionaries(), called in E:\wamp64\www\campus\xyyb\Home\Service\DictionaryService.class.php on line 18 and defined E:\wamp64\www\campus\xyyb\Home\Model\DictionaryModel.class.php 第 20 行.
SQL: SELECT * FROM `dictionary` ORDER BY id  [ RunTime:0.0125s ]
NOTIC: [2] Missing argument 1 for Home\Model\DictionaryModel::getDictionaries(), called in E:\wamp64\www\campus\xyyb\Home\Controller\DictionaryController.class.php on line 75 and defined E:\wamp64\www\campus\xyyb\Home\Model\DictionaryModel.class.php 第 20 行.
SQL: SELECT * FROM `dictionary` ORDER BY id  [ RunTime:0.0124s ]
NOTIC: [8] Undefined offset: 0 E:\wamp64\www\campus\xyyb\Home\Service\DictionaryService.class.php 第 28 行.
NOTIC: [8] Undefined offset: 0 E:\wamp64\www\campus\xyyb\Home\Service\DictionaryService.class.php 第 28 行.
NOTIC: [8] Undefined offset: 0 E:\wamp64\www\campus\xyyb\Home\Service\DictionaryService.class.php 第 28 行.
NOTIC: [8] Undefined offset: 0 E:\wamp64\www\campus\xyyb\Home\Service\DictionaryService.class.php 第 28 行.
NOTIC: [8] Undefined offset: 0 E:\wamp64\www\campus\xyyb\Home\Service\DictionaryService.class.php 第 28 行.
NOTIC: [8] Undefined offset: 0 E:\wamp64\www\campus\xyyb\Home\Service\DictionaryService.class.php 第 28 行.
NOTIC: [8] Undefined offset: 0 E:\wamp64\www\campus\xyyb\Home\Service\DictionaryService.class.php 第 28 行.
NOTIC: [8] Undefined offset: 0 E:\wamp64\www\campus\xyyb\Home\Service\DictionaryService.class.php 第 28 行.
NOTIC: [8] Undefined offset: 0 E:\wamp64\www\campus\xyyb\Home\Service\DictionaryService.class.php 第 28 行.
INFO: [ view_parse ] --START--
INFO: [ template_filter ] --START--
INFO: Run Behavior\ContentReplaceBehavior [ RunTime:0.000376s ]
INFO: [ template_filter ] --END-- [ RunTime:0.000735s ]
INFO: Run Behavior\ParseTemplateBehavior [ RunTime:0.032772s ]
INFO: [ view_parse ] --END-- [ RunTime:0.033081s ]
INFO: [ view_filter ] --START--
INFO: Run Behavior\WriteHtmlCacheBehavior [ RunTime:0.001482s ]
INFO: [ view_filter ] --END-- [ RunTime:0.001786s ]
INFO: [ app_end ] --START--
INFO: Run Behavior\ShowPageTraceBehavior [ RunTime:0.003172s ]
INFO: [ app_end ] --END-- [ RunTime:0.003507s ]

[ 2018-01-30T17:54:24+08:00 ] ::1 /campus/xyyb/index.php/Home/Dictionary/listIndex.html
INFO: [ app_init ] --START--
INFO: Run Behavior\BuildLiteBehavior [ RunTime:0.000079s ]
INFO: [ app_init ] --END-- [ RunTime:0.001566s ]
INFO: [ app_begin ] --START--
INFO: Run Behavior\ReadHtmlCacheBehavior [ RunTime:0.002463s ]
INFO: [ app_begin ] --END-- [ RunTime:0.002798s ]
SQL: SHOW COLUMNS FROM `dictionary` [ RunTime:0.0164s ]
SQL: SHOW COLUMNS FROM `dictionary` [ RunTime:0.0214s ]
NOTIC: [2] Missing argument 1 for Home\Model\DictionaryModel::getDictionaries(), called in E:\wamp64\www\campus\xyyb\Home\Service\DictionaryService.class.php on line 18 and defined E:\wamp64\www\campus\xyyb\Home\Model\DictionaryModel.class.php 第 20 行.
SQL: SELECT * FROM `dictionary` ORDER BY id  [ RunTime:0.0132s ]
INFO: [ view_parse ] --START--
INFO: [ template_filter ] --START--
INFO: Run Behavior\ContentReplaceBehavior [ RunTime:0.000902s ]
INFO: [ template_filter ] --END-- [ RunTime:0.001267s ]
INFO: Run Behavior\ParseTemplateBehavior [ RunTime:0.176999s ]
INFO: [ view_parse ] --END-- [ RunTime:0.177390s ]
INFO: [ view_filter ] --START--
INFO: Run Behavior\WriteHtmlCacheBehavior [ RunTime:0.001343s ]
INFO: [ view_filter ] --END-- [ RunTime:0.001649s ]
INFO: [ app_end ] --START--
INFO: Run Behavior\ShowPageTraceBehavior [ RunTime:0.001936s ]
INFO: [ app_end ] --END-- [ RunTime:0.002246s ]

[ 2018-01-30T17:54:24+08:00 ] ::1 /campus/xyyb/index.php/Home/Dictionary/showlist.html
INFO: [ app_init ] --START--
INFO: Run Behavior\BuildLiteBehavior [ RunTime:0.000075s ]
INFO: [ app_init ] --END-- [ RunTime:0.001618s ]
INFO: [ app_begin ] --START--
INFO: Run Behavior\ReadHtmlCacheBehavior [ RunTime:0.002273s ]
INFO: [ app_begin ] --END-- [ RunTime:0.002613s ]
SQL: SHOW COLUMNS FROM `dictionary` [ RunTime:0.0134s ]
SQL: SHOW COLUMNS FROM `dictionary` [ RunTime:0.0126s ]
NOTIC: [2] Missing argument 1 for Home\Model\DictionaryModel::getDictionaries(), called in E:\wamp64\www\campus\xyyb\Home\Service\DictionaryService.class.php on line 18 and defined E:\wamp64\www\campus\xyyb\Home\Model\DictionaryModel.class.php 第 20 行.
SQL: SELECT * FROM `dictionary` ORDER BY id  [ RunTime:0.0139s ]
NOTIC: [2] Missing argument 1 for Home\Model\DictionaryModel::getDictionaries(), called in E:\wamp64\www\campus\xyyb\Home\Controller\DictionaryController.class.php on line 75 and defined E:\wamp64\www\campus\xyyb\Home\Model\DictionaryModel.class.php 第 20 行.
SQL: SELECT * FROM `dictionary` ORDER BY id  [ RunTime:0.0145s ]
NOTIC: [8] Undefined offset: 0 E:\wamp64\www\campus\xyyb\Home\Service\DictionaryService.class.php 第 28 行.
NOTIC: [8] Undefined offset: 0 E:\wamp64\www\campus\xyyb\Home\Service\DictionaryService.class.php 第 28 行.
NOTIC: [8] Undefined offset: 0 E:\wamp64\www\campus\xyyb\Home\Service\DictionaryService.class.php 第 28 行.
NOTIC: [8] Undefined offset: 0 E:\wamp64\www\campus\xyyb\Home\Service\DictionaryService.class.php 第 28 行.
NOTIC: [8] Undefined offset: 0 E:\wamp64\www\campus\xyyb\Home\Service\DictionaryService.class.php 第 28 行.
NOTIC: [8] Undefined offset: 0 E:\wamp64\www\campus\xyyb\Home\Service\DictionaryService.class.php 第 28 行.
NOTIC: [8] Undefined offset: 0 E:\wamp64\www\campus\xyyb\Home\Service\DictionaryService.class.php 第 28 行.
NOTIC: [8] Undefined offset: 0 E:\wamp64\www\campus\xyyb\Home\Service\DictionaryService.class.php 第 28 行.
NOTIC: [8] Undefined offset: 0 E:\wamp64\www\campus\xyyb\Home\Service\DictionaryService.class.php 第 28 行.
INFO: [ view_parse ] --START--
INFO: [ template_filter ] --START--
INFO: Run Behavior\ContentReplaceBehavior [ RunTime:0.000302s ]
INFO: [ template_filter ] --END-- [ RunTime:0.000609s ]
INFO: Run Behavior\ParseTemplateBehavior [ RunTime:0.034777s ]
INFO: [ view_parse ] --END-- [ RunTime:0.035168s ]
INFO: [ view_filter ] --START--
INFO: Run Behavior\WriteHtmlCacheBehavior [ RunTime:0.002410s ]
INFO: [ view_filter ] --END-- [ RunTime:0.002730s ]
INFO: [ app_end ] --START--
INFO: Run Behavior\ShowPageTraceBehavior [ RunTime:0.001931s ]
INFO: [ app_end ] --END-- [ RunTime:0.002266s ]

[ 2018-01-30T17:54:39+08:00 ] ::1 /campus/xyyb/index.php/Home/Dictionary/listIndex.html
INFO: [ app_init ] --START--
INFO: Run Behavior\BuildLiteBehavior [ RunTime:0.000728s ]
INFO: [ app_init ] --END-- [ RunTime:0.002138s ]
INFO: [ app_begin ] --START--
INFO: Run Behavior\ReadHtmlCacheBehavior [ RunTime:0.001698s ]
INFO: [ app_begin ] --END-- [ RunTime:0.002007s ]
SQL: SHOW COLUMNS FROM `dictionary` [ RunTime:0.0128s ]
SQL: SHOW COLUMNS FROM `dictionary` [ RunTime:0.0142s ]
NOTIC: [2] Missing argument 1 for Home\Model\DictionaryModel::getDictionaries(), called in E:\wamp64\www\campus\xyyb\Home\Service\DictionaryService.class.php on line 18 and defined E:\wamp64\www\campus\xyyb\Home\Model\DictionaryModel.class.php 第 20 行.
SQL: SELECT * FROM `dictionary` ORDER BY id  [ RunTime:0.0149s ]
INFO: [ view_parse ] --START--
INFO: [ template_filter ] --START--
INFO: Run Behavior\ContentReplaceBehavior [ RunTime:0.000228s ]
INFO: [ template_filter ] --END-- [ RunTime:0.000536s ]
INFO: Run Behavior\ParseTemplateBehavior [ RunTime:0.024314s ]
INFO: [ view_parse ] --END-- [ RunTime:0.024660s ]
INFO: [ view_filter ] --START--
INFO: Run Behavior\WriteHtmlCacheBehavior [ RunTime:0.001298s ]
INFO: [ view_filter ] --END-- [ RunTime:0.001625s ]
INFO: [ app_end ] --START--
INFO: Run Behavior\ShowPageTraceBehavior [ RunTime:0.004175s ]
INFO: [ app_end ] --END-- [ RunTime:0.004503s ]

[ 2018-01-30T17:54:39+08:00 ] ::1 /campus/xyyb/index.php/Home/Dictionary/showlist.html
INFO: [ app_init ] --START--
INFO: Run Behavior\BuildLiteBehavior [ RunTime:0.000073s ]
INFO: [ app_init ] --END-- [ RunTime:0.001809s ]
INFO: [ app_begin ] --START--
INFO: Run Behavior\ReadHtmlCacheBehavior [ RunTime:0.001833s ]
INFO: [ app_begin ] --END-- [ RunTime:0.002157s ]
SQL: SHOW COLUMNS FROM `dictionary` [ RunTime:0.0120s ]
SQL: SHOW COLUMNS FROM `dictionary` [ RunTime:0.0131s ]
NOTIC: [2] Missing argument 1 for Home\Model\DictionaryModel::getDictionaries(), called in E:\wamp64\www\campus\xyyb\Home\Service\DictionaryService.class.php on line 18 and defined E:\wamp64\www\campus\xyyb\Home\Model\DictionaryModel.class.php 第 20 行.
SQL: SELECT * FROM `dictionary` ORDER BY id  [ RunTime:0.0128s ]
NOTIC: [2] Missing argument 1 for Home\Model\DictionaryModel::getDictionaries(), called in E:\wamp64\www\campus\xyyb\Home\Controller\DictionaryController.class.php on line 75 and defined E:\wamp64\www\campus\xyyb\Home\Model\DictionaryModel.class.php 第 20 行.
SQL: SELECT * FROM `dictionary` ORDER BY id  [ RunTime:0.0127s ]
NOTIC: [8] Undefined offset: 0 E:\wamp64\www\campus\xyyb\Home\Service\DictionaryService.class.php 第 28 行.
NOTIC: [8] Undefined offset: 0 E:\wamp64\www\campus\xyyb\Home\Service\DictionaryService.class.php 第 28 行.
NOTIC: [8] Undefined offset: 0 E:\wamp64\www\campus\xyyb\Home\Service\DictionaryService.class.php 第 28 行.
NOTIC: [8] Undefined offset: 0 E:\wamp64\www\campus\xyyb\Home\Service\DictionaryService.class.php 第 28 行.
NOTIC: [8] Undefined offset: 0 E:\wamp64\www\campus\xyyb\Home\Service\DictionaryService.class.php 第 28 行.
NOTIC: [8] Undefined offset: 0 E:\wamp64\www\campus\xyyb\Home\Service\DictionaryService.class.php 第 28 行.
NOTIC: [8] Undefined offset: 0 E:\wamp64\www\campus\xyyb\Home\Service\DictionaryService.class.php 第 28 行.
NOTIC: [8] Undefined offset: 0 E:\wamp64\www\campus\xyyb\Home\Service\DictionaryService.class.php 第 28 行.
NOTIC: [8] Undefined offset: 0 E:\wamp64\www\campus\xyyb\Home\Service\DictionaryService.class.php 第 28 行.
INFO: [ view_parse ] --START--
INFO: [ template_filter ] --START--
INFO: Run Behavior\ContentReplaceBehavior [ RunTime:0.000293s ]
INFO: [ template_filter ] --END-- [ RunTime:0.000596s ]
INFO: Run Behavior\ParseTemplateBehavior [ RunTime:0.031526s ]
INFO: [ view_parse ] --END-- [ RunTime:0.031840s ]
INFO: [ view_filter ] --START--
INFO: Run Behavior\WriteHtmlCacheBehavior [ RunTime:0.001390s ]
INFO: [ view_filter ] --END-- [ RunTime:0.001675s ]
INFO: [ app_end ] --START--
INFO: Run Behavior\ShowPageTraceBehavior [ RunTime:0.001929s ]
INFO: [ app_end ] --END-- [ RunTime:0.002258s ]

[ 2018-01-30T19:22:28+08:00 ] ::1 /campus/xyyb/index.php
INFO: [ app_init ] --START--
INFO: Run Behavior\BuildLiteBehavior [ RunTime:0.000074s ]
INFO: [ app_init ] --END-- [ RunTime:0.018998s ]
INFO: [ app_begin ] --START--
INFO: Run Behavior\ReadHtmlCacheBehavior [ RunTime:0.055731s ]
INFO: [ app_begin ] --END-- [ RunTime:0.056090s ]
INFO: [ view_parse ] --START--
INFO: [ template_filter ] --START--
INFO: Run Behavior\ContentReplaceBehavior [ RunTime:0.000296s ]
INFO: [ template_filter ] --END-- [ RunTime:0.000599s ]
INFO: Run Behavior\ParseTemplateBehavior [ RunTime:0.323108s ]
INFO: [ view_parse ] --END-- [ RunTime:0.323432s ]
INFO: [ view_filter ] --START--
INFO: Run Behavior\WriteHtmlCacheBehavior [ RunTime:0.037715s ]
INFO: [ view_filter ] --END-- [ RunTime:0.038385s ]
INFO: [ app_end ] --START--
INFO: Run Behavior\ShowPageTraceBehavior [ RunTime:0.035032s ]
INFO: [ app_end ] --END-- [ RunTime:0.035453s ]

[ 2018-01-30T19:22:29+08:00 ] ::1 /campus/xyyb/index.php/Home/Index/welcome.html
INFO: [ app_init ] --START--
INFO: Run Behavior\BuildLiteBehavior [ RunTime:0.000071s ]
INFO: [ app_init ] --END-- [ RunTime:0.001601s ]
INFO: [ app_begin ] --START--
INFO: Run Behavior\ReadHtmlCacheBehavior [ RunTime:0.002771s ]
INFO: [ app_begin ] --END-- [ RunTime:0.003103s ]
INFO: [ view_parse ] --START--
INFO: [ template_filter ] --START--
INFO: Run Behavior\ContentReplaceBehavior [ RunTime:0.000150s ]
INFO: [ template_filter ] --END-- [ RunTime:0.000472s ]
INFO: Run Behavior\ParseTemplateBehavior [ RunTime:0.027955s ]
INFO: [ view_parse ] --END-- [ RunTime:0.028650s ]
INFO: [ view_filter ] --START--
INFO: Run Behavior\WriteHtmlCacheBehavior [ RunTime:0.002803s ]
INFO: [ view_filter ] --END-- [ RunTime:0.003111s ]
INFO: [ app_end ] --START--
INFO: Run Behavior\ShowPageTraceBehavior [ RunTime:0.001962s ]
INFO: [ app_end ] --END-- [ RunTime:0.004837s ]

[ 2018-01-30T19:26:37+08:00 ] ::1 /campus/xyyb/index.php
INFO: [ app_init ] --START--
INFO: Run Behavior\BuildLiteBehavior [ RunTime:0.000072s ]
INFO: [ app_init ] --END-- [ RunTime:0.016186s ]
INFO: [ app_begin ] --START--
INFO: Run Behavior\ReadHtmlCacheBehavior [ RunTime:0.033932s ]
INFO: [ app_begin ] --END-- [ RunTime:0.034260s ]
INFO: [ view_parse ] --START--
INFO: [ template_filter ] --START--
INFO: Run Behavior\ContentReplaceBehavior [ RunTime:0.000297s ]
INFO: [ template_filter ] --END-- [ RunTime:0.000601s ]
INFO: Run Behavior\ParseTemplateBehavior [ RunTime:0.200184s ]
INFO: [ view_parse ] --END-- [ RunTime:0.200511s ]
INFO: [ view_filter ] --START--
INFO: Run Behavior\WriteHtmlCacheBehavior [ RunTime:0.048173s ]
INFO: [ view_filter ] --END-- [ RunTime:0.048500s ]
INFO: [ app_end ] --START--
INFO: Run Behavior\ShowPageTraceBehavior [ RunTime:0.234217s ]
INFO: [ app_end ] --END-- [ RunTime:0.234563s ]

[ 2018-01-30T19:26:39+08:00 ] ::1 /campus/xyyb/index.php/Home/Index/welcome.html
INFO: [ app_init ] --START--
INFO: Run Behavior\BuildLiteBehavior [ RunTime:0.000079s ]
INFO: [ app_init ] --END-- [ RunTime:0.001528s ]
INFO: [ app_begin ] --START--
INFO: Run Behavior\ReadHtmlCacheBehavior [ RunTime:0.001790s ]
INFO: [ app_begin ] --END-- [ RunTime:0.003187s ]
INFO: [ view_parse ] --START--
INFO: [ template_filter ] --START--
INFO: Run Behavior\ContentReplaceBehavior [ RunTime:0.000197s ]
INFO: [ template_filter ] --END-- [ RunTime:0.000517s ]
INFO: Run Behavior\ParseTemplateBehavior [ RunTime:0.020101s ]
INFO: [ view_parse ] --END-- [ RunTime:0.020448s ]
INFO: [ view_filter ] --START--
INFO: Run Behavior\WriteHtmlCacheBehavior [ RunTime:0.117704s ]
INFO: [ view_filter ] --END-- [ RunTime:0.118036s ]
INFO: [ app_end ] --START--
INFO: Run Behavior\ShowPageTraceBehavior [ RunTime:0.009050s ]
INFO: [ app_end ] --END-- [ RunTime:0.009414s ]

[ 2018-01-30T19:27:56+08:00 ] ::1 /campus/xyyb/index.php
INFO: [ app_init ] --START--
INFO: Run Behavior\BuildLiteBehavior [ RunTime:0.000072s ]
INFO: [ app_init ] --END-- [ RunTime:0.017417s ]
INFO: [ app_begin ] --START--
INFO: Run Behavior\ReadHtmlCacheBehavior [ RunTime:0.002737s ]
INFO: [ app_begin ] --END-- [ RunTime:0.003129s ]
INFO: [ view_parse ] --START--
INFO: [ template_filter ] --START--
INFO: Run Behavior\ContentReplaceBehavior [ RunTime:0.000304s ]
INFO: [ template_filter ] --END-- [ RunTime:0.000617s ]
INFO: Run Behavior\ParseTemplateBehavior [ RunTime:0.144635s ]
INFO: [ view_parse ] --END-- [ RunTime:0.145017s ]
INFO: [ view_filter ] --START--
INFO: Run Behavior\WriteHtmlCacheBehavior [ RunTime:0.021466s ]
INFO: [ view_filter ] --END-- [ RunTime:0.021950s ]
INFO: [ app_end ] --START--
INFO: Run Behavior\ShowPageTraceBehavior [ RunTime:0.112525s ]
INFO: [ app_end ] --END-- [ RunTime:0.113145s ]

[ 2018-01-30T19:27:57+08:00 ] ::1 /campus/xyyb/index.php/Home/Index/welcome.html
INFO: [ app_init ] --START--
INFO: Run Behavior\BuildLiteBehavior [ RunTime:0.000075s ]
INFO: [ app_init ] --END-- [ RunTime:0.001831s ]
INFO: [ app_begin ] --START--
INFO: Run Behavior\ReadHtmlCacheBehavior [ RunTime:0.002023s ]
INFO: [ app_begin ] --END-- [ RunTime:0.002653s ]
INFO: [ view_parse ] --START--
INFO: [ template_filter ] --START--
INFO: Run Behavior\ContentReplaceBehavior [ RunTime:0.000275s ]
INFO: [ template_filter ] --END-- [ RunTime:0.000856s ]
INFO: Run Behavior\ParseTemplateBehavior [ RunTime:0.117412s ]
INFO: [ view_parse ] --END-- [ RunTime:0.117972s ]
INFO: [ view_filter ] --START--
INFO: Run Behavior\WriteHtmlCacheBehavior [ RunTime:0.001478s ]
INFO: [ view_filter ] --END-- [ RunTime:0.001780s ]
INFO: [ app_end ] --START--
INFO: Run Behavior\ShowPageTraceBehavior [ RunTime:0.002172s ]
INFO: [ app_end ] --END-- [ RunTime:0.002654s ]

[ 2018-01-30T19:28:08+08:00 ] ::1 /campus/xyyb/index.php/Home/Dictionary/listIndex.html
INFO: [ app_init ] --START--
INFO: Run Behavior\BuildLiteBehavior [ RunTime:0.000067s ]
INFO: [ app_init ] --END-- [ RunTime:0.001373s ]
INFO: [ app_begin ] --START--
INFO: Run Behavior\ReadHtmlCacheBehavior [ RunTime:0.002726s ]
INFO: [ app_begin ] --END-- [ RunTime:0.003116s ]
SQL: SHOW COLUMNS FROM `dictionary` [ RunTime:0.0138s ]
SQL: SHOW COLUMNS FROM `dictionary` [ RunTime:0.0129s ]
NOTIC: [2] Missing argument 1 for Home\Model\DictionaryModel::getDictionaries(), called in E:\wamp64\www\campus\xyyb\Home\Service\DictionaryService.class.php on line 18 and defined E:\wamp64\www\campus\xyyb\Home\Model\DictionaryModel.class.php 第 20 行.
SQL: SELECT * FROM `dictionary` ORDER BY id  [ RunTime:0.0168s ]
INFO: [ view_parse ] --START--
INFO: [ template_filter ] --START--
INFO: Run Behavior\ContentReplaceBehavior [ RunTime:0.000356s ]
INFO: [ template_filter ] --END-- [ RunTime:0.000669s ]
INFO: Run Behavior\ParseTemplateBehavior [ RunTime:0.032117s ]
INFO: [ view_parse ] --END-- [ RunTime:0.032596s ]
INFO: [ view_filter ] --START--
INFO: Run Behavior\WriteHtmlCacheBehavior [ RunTime:0.001433s ]
INFO: [ view_filter ] --END-- [ RunTime:0.001731s ]
INFO: [ app_end ] --START--
INFO: Run Behavior\ShowPageTraceBehavior [ RunTime:0.001826s ]
INFO: [ app_end ] --END-- [ RunTime:0.002117s ]

[ 2018-01-30T19:28:08+08:00 ] ::1 /campus/xyyb/index.php/Home/Dictionary/showlist.html
INFO: [ app_init ] --START--
INFO: Run Behavior\BuildLiteBehavior [ RunTime:0.000073s ]
INFO: [ app_init ] --END-- [ RunTime:0.002028s ]
INFO: [ app_begin ] --START--
INFO: Run Behavior\ReadHtmlCacheBehavior [ RunTime:0.002959s ]
INFO: [ app_begin ] --END-- [ RunTime:0.003285s ]
SQL: SHOW COLUMNS FROM `dictionary` [ RunTime:0.0133s ]
SQL: SHOW COLUMNS FROM `dictionary` [ RunTime:0.0154s ]
NOTIC: [2] Missing argument 1 for Home\Model\DictionaryModel::getDictionaries(), called in E:\wamp64\www\campus\xyyb\Home\Service\DictionaryService.class.php on line 18 and defined E:\wamp64\www\campus\xyyb\Home\Model\DictionaryModel.class.php 第 20 行.
SQL: SELECT * FROM `dictionary` ORDER BY id  [ RunTime:0.0130s ]
NOTIC: [2] Missing argument 1 for Home\Model\DictionaryModel::getDictionaries(), called in E:\wamp64\www\campus\xyyb\Home\Controller\DictionaryController.class.php on line 75 and defined E:\wamp64\www\campus\xyyb\Home\Model\DictionaryModel.class.php 第 20 行.
SQL: SELECT * FROM `dictionary` ORDER BY id  [ RunTime:0.0122s ]
NOTIC: [8] Undefined offset: 0 E:\wamp64\www\campus\xyyb\Home\Service\DictionaryService.class.php 第 28 行.
NOTIC: [8] Undefined offset: 0 E:\wamp64\www\campus\xyyb\Home\Service\DictionaryService.class.php 第 28 行.
NOTIC: [8] Undefined offset: 0 E:\wamp64\www\campus\xyyb\Home\Service\DictionaryService.class.php 第 28 行.
NOTIC: [8] Undefined offset: 0 E:\wamp64\www\campus\xyyb\Home\Service\DictionaryService.class.php 第 28 行.
NOTIC: [8] Undefined offset: 0 E:\wamp64\www\campus\xyyb\Home\Service\DictionaryService.class.php 第 28 行.
NOTIC: [8] Undefined offset: 0 E:\wamp64\www\campus\xyyb\Home\Service\DictionaryService.class.php 第 28 行.
NOTIC: [8] Undefined offset: 0 E:\wamp64\www\campus\xyyb\Home\Service\DictionaryService.class.php 第 28 行.
NOTIC: [8] Undefined offset: 0 E:\wamp64\www\campus\xyyb\Home\Service\DictionaryService.class.php 第 28 行.
NOTIC: [8] Undefined offset: 0 E:\wamp64\www\campus\xyyb\Home\Service\DictionaryService.class.php 第 28 行.
INFO: [ view_parse ] --START--
INFO: [ template_filter ] --START--
INFO: Run Behavior\ContentReplaceBehavior [ RunTime:0.001159s ]
INFO: [ template_filter ] --END-- [ RunTime:0.001493s ]
INFO: Run Behavior\ParseTemplateBehavior [ RunTime:0.070576s ]
INFO: [ view_parse ] --END-- [ RunTime:0.070989s ]
INFO: [ view_filter ] --START--
INFO: Run Behavior\WriteHtmlCacheBehavior [ RunTime:0.002243s ]
INFO: [ view_filter ] --END-- [ RunTime:0.002542s ]
INFO: [ app_end ] --START--
INFO: Run Behavior\ShowPageTraceBehavior [ RunTime:0.001833s ]
INFO: [ app_end ] --END-- [ RunTime:0.002271s ]

[ 2018-01-30T19:28:55+08:00 ] ::1 /campus/xyyb/index.php
INFO: [ app_init ] --START--
INFO: Run Behavior\BuildLiteBehavior [ RunTime:0.000070s ]
INFO: [ app_init ] --END-- [ RunTime:0.001551s ]
INFO: [ app_begin ] --START--
INFO: Run Behavior\ReadHtmlCacheBehavior [ RunTime:0.002565s ]
INFO: [ app_begin ] --END-- [ RunTime:0.002900s ]
INFO: [ view_parse ] --START--
INFO: [ template_filter ] --START--
INFO: Run Behavior\ContentReplaceBehavior [ RunTime:0.000904s ]
INFO: [ template_filter ] --END-- [ RunTime:0.001237s ]
INFO: Run Behavior\ParseTemplateBehavior [ RunTime:0.034355s ]
INFO: [ view_parse ] --END-- [ RunTime:0.034672s ]
INFO: [ view_filter ] --START--
INFO: Run Behavior\WriteHtmlCacheBehavior [ RunTime:0.001404s ]
INFO: [ view_filter ] --END-- [ RunTime:0.001723s ]
INFO: [ app_end ] --START--
INFO: Run Behavior\ShowPageTraceBehavior [ RunTime:0.002826s ]
INFO: [ app_end ] --END-- [ RunTime:0.003188s ]

[ 2018-01-30T19:28:56+08:00 ] ::1 /campus/xyyb/index.php/Home/Index/welcome.html
INFO: [ app_init ] --START--
INFO: Run Behavior\BuildLiteBehavior [ RunTime:0.000076s ]
INFO: [ app_init ] --END-- [ RunTime:0.001433s ]
INFO: [ app_begin ] --START--
INFO: Run Behavior\ReadHtmlCacheBehavior [ RunTime:0.001825s ]
INFO: [ app_begin ] --END-- [ RunTime:0.002202s ]
INFO: [ view_parse ] --START--
INFO: [ template_filter ] --START--
INFO: Run Behavior\ContentReplaceBehavior [ RunTime:0.000159s ]
INFO: [ template_filter ] --END-- [ RunTime:0.000486s ]
INFO: Run Behavior\ParseTemplateBehavior [ RunTime:0.019461s ]
INFO: [ view_parse ] --END-- [ RunTime:0.019792s ]
INFO: [ view_filter ] --START--
INFO: Run Behavior\WriteHtmlCacheBehavior [ RunTime:0.005024s ]
INFO: [ view_filter ] --END-- [ RunTime:0.005315s ]
INFO: [ app_end ] --START--
INFO: Run Behavior\ShowPageTraceBehavior [ RunTime:0.004118s ]
INFO: [ app_end ] --END-- [ RunTime:0.004453s ]

[ 2018-01-30T19:29:09+08:00 ] ::1 /campus/xyyb/index.php/Home/Dictionary/listIndex.html
INFO: [ app_init ] --START--
INFO: Run Behavior\BuildLiteBehavior [ RunTime:0.000072s ]
INFO: [ app_init ] --END-- [ RunTime:0.001436s ]
INFO: [ app_begin ] --START--
INFO: Run Behavior\ReadHtmlCacheBehavior [ RunTime:0.002196s ]
INFO: [ app_begin ] --END-- [ RunTime:0.002560s ]
SQL: SHOW COLUMNS FROM `dictionary` [ RunTime:0.0130s ]
SQL: SHOW COLUMNS FROM `dictionary` [ RunTime:0.0134s ]
NOTIC: [2] Missing argument 1 for Home\Model\DictionaryModel::getDictionaries(), called in E:\wamp64\www\campus\xyyb\Home\Service\DictionaryService.class.php on line 18 and defined E:\wamp64\www\campus\xyyb\Home\Model\DictionaryModel.class.php 第 20 行.
SQL: SELECT * FROM `dictionary` ORDER BY id  [ RunTime:0.0135s ]
INFO: [ view_parse ] --START--
INFO: [ template_filter ] --START--
INFO: Run Behavior\ContentReplaceBehavior [ RunTime:0.000231s ]
INFO: [ template_filter ] --END-- [ RunTime:0.000561s ]
INFO: Run Behavior\ParseTemplateBehavior [ RunTime:0.028168s ]
INFO: [ view_parse ] --END-- [ RunTime:0.028542s ]
INFO: [ view_filter ] --START--
INFO: Run Behavior\WriteHtmlCacheBehavior [ RunTime:0.002091s ]
INFO: [ view_filter ] --END-- [ RunTime:0.002502s ]
INFO: [ app_end ] --START--
INFO: Run Behavior\ShowPageTraceBehavior [ RunTime:0.001771s ]
INFO: [ app_end ] --END-- [ RunTime:0.002070s ]

[ 2018-01-30T19:29:10+08:00 ] ::1 /campus/xyyb/index.php/Home/Dictionary/showlist.html
INFO: [ app_init ] --START--
INFO: Run Behavior\BuildLiteBehavior [ RunTime:0.000071s ]
INFO: [ app_init ] --END-- [ RunTime:0.001543s ]
INFO: [ app_begin ] --START--
INFO: Run Behavior\ReadHtmlCacheBehavior [ RunTime:0.003243s ]
INFO: [ app_begin ] --END-- [ RunTime:0.003797s ]
SQL: SHOW COLUMNS FROM `dictionary` [ RunTime:0.0121s ]
SQL: SHOW COLUMNS FROM `dictionary` [ RunTime:0.0116s ]
NOTIC: [2] Missing argument 1 for Home\Model\DictionaryModel::getDictionaries(), called in E:\wamp64\www\campus\xyyb\Home\Service\DictionaryService.class.php on line 18 and defined E:\wamp64\www\campus\xyyb\Home\Model\DictionaryModel.class.php 第 20 行.
SQL: SELECT * FROM `dictionary` ORDER BY id  [ RunTime:0.0124s ]
NOTIC: [2] Missing argument 1 for Home\Model\DictionaryModel::getDictionaries(), called in E:\wamp64\www\campus\xyyb\Home\Controller\DictionaryController.class.php on line 75 and defined E:\wamp64\www\campus\xyyb\Home\Model\DictionaryModel.class.php 第 20 行.
SQL: SELECT * FROM `dictionary` ORDER BY id  [ RunTime:0.0133s ]
NOTIC: [8] Undefined offset: 0 E:\wamp64\www\campus\xyyb\Home\Service\DictionaryService.class.php 第 28 行.
NOTIC: [8] Undefined offset: 0 E:\wamp64\www\campus\xyyb\Home\Service\DictionaryService.class.php 第 28 行.
NOTIC: [8] Undefined offset: 0 E:\wamp64\www\campus\xyyb\Home\Service\DictionaryService.class.php 第 28 行.
NOTIC: [8] Undefined offset: 0 E:\wamp64\www\campus\xyyb\Home\Service\DictionaryService.class.php 第 28 行.
NOTIC: [8] Undefined offset: 0 E:\wamp64\www\campus\xyyb\Home\Service\DictionaryService.class.php 第 28 行.
NOTIC: [8] Undefined offset: 0 E:\wamp64\www\campus\xyyb\Home\Service\DictionaryService.class.php 第 28 行.
NOTIC: [8] Undefined offset: 0 E:\wamp64\www\campus\xyyb\Home\Service\DictionaryService.class.php 第 28 行.
NOTIC: [8] Undefined offset: 0 E:\wamp64\www\campus\xyyb\Home\Service\DictionaryService.class.php 第 28 行.
NOTIC: [8] Undefined offset: 0 E:\wamp64\www\campus\xyyb\Home\Service\DictionaryService.class.php 第 28 行.
INFO: [ view_parse ] --START--
INFO: [ template_filter ] --START--
INFO: Run Behavior\ContentReplaceBehavior [ RunTime:0.000343s ]
INFO: [ template_filter ] --END-- [ RunTime:0.000668s ]
INFO: Run Behavior\ParseTemplateBehavior [ RunTime:0.040618s ]
INFO: [ view_parse ] --END-- [ RunTime:0.041026s ]
INFO: [ view_filter ] --START--
INFO: Run Behavior\WriteHtmlCacheBehavior [ RunTime:0.001710s ]
INFO: [ view_filter ] --END-- [ RunTime:0.002155s ]
INFO: [ app_end ] --START--
INFO: Run Behavior\ShowPageTraceBehavior [ RunTime:0.002408s ]
INFO: [ app_end ] --END-- [ RunTime:0.002754s ]

[ 2018-01-30T19:29:58+08:00 ] ::1 /campus/xyyb/index.php
INFO: [ app_init ] --START--
INFO: Run Behavior\BuildLiteBehavior [ RunTime:0.000076s ]
INFO: [ app_init ] --END-- [ RunTime:0.002038s ]
INFO: [ app_begin ] --START--
INFO: Run Behavior\ReadHtmlCacheBehavior [ RunTime:0.008134s ]
INFO: [ app_begin ] --END-- [ RunTime:0.008715s ]
INFO: [ view_parse ] --START--
INFO: [ template_filter ] --START--
INFO: Run Behavior\ContentReplaceBehavior [ RunTime:0.000298s ]
INFO: [ template_filter ] --END-- [ RunTime:0.000605s ]
INFO: Run Behavior\ParseTemplateBehavior [ RunTime:0.052809s ]
INFO: [ view_parse ] --END-- [ RunTime:0.053269s ]
INFO: [ view_filter ] --START--
INFO: Run Behavior\WriteHtmlCacheBehavior [ RunTime:0.002633s ]
INFO: [ view_filter ] --END-- [ RunTime:0.002989s ]
INFO: [ app_end ] --START--
INFO: Run Behavior\ShowPageTraceBehavior [ RunTime:0.028311s ]
INFO: [ app_end ] --END-- [ RunTime:0.055907s ]

[ 2018-01-30T19:30:00+08:00 ] ::1 /campus/xyyb/index.php/Home/Index/welcome.html
INFO: [ app_init ] --START--
INFO: Run Behavior\BuildLiteBehavior [ RunTime:0.000071s ]
INFO: [ app_init ] --END-- [ RunTime:0.001388s ]
INFO: [ app_begin ] --START--
INFO: Run Behavior\ReadHtmlCacheBehavior [ RunTime:0.002037s ]
INFO: [ app_begin ] --END-- [ RunTime:0.002461s ]
INFO: [ view_parse ] --START--
INFO: [ template_filter ] --START--
INFO: Run Behavior\ContentReplaceBehavior [ RunTime:0.000268s ]
INFO: [ template_filter ] --END-- [ RunTime:0.000648s ]
INFO: Run Behavior\ParseTemplateBehavior [ RunTime:0.019656s ]
INFO: [ view_parse ] --END-- [ RunTime:0.019993s ]
INFO: [ view_filter ] --START--
INFO: Run Behavior\WriteHtmlCacheBehavior [ RunTime:0.040120s ]
INFO: [ view_filter ] --END-- [ RunTime:0.040652s ]
INFO: [ app_end ] --START--
INFO: Run Behavior\ShowPageTraceBehavior [ RunTime:0.005965s ]
INFO: [ app_end ] --END-- [ RunTime:0.006307s ]

[ 2018-01-30T19:30:03+08:00 ] ::1 /campus/xyyb/index.php/Home/Dictionary/listIndex.html
INFO: [ app_init ] --START--
INFO: Run Behavior\BuildLiteBehavior [ RunTime:0.000070s ]
INFO: [ app_init ] --END-- [ RunTime:0.001466s ]
INFO: [ app_begin ] --START--
INFO: Run Behavior\ReadHtmlCacheBehavior [ RunTime:0.003132s ]
INFO: [ app_begin ] --END-- [ RunTime:0.003525s ]
SQL: SHOW COLUMNS FROM `dictionary` [ RunTime:0.0117s ]
SQL: SHOW COLUMNS FROM `dictionary` [ RunTime:0.0176s ]
NOTIC: [2] Missing argument 1 for Home\Model\DictionaryModel::getDictionaries(), called in E:\wamp64\www\campus\xyyb\Home\Service\DictionaryService.class.php on line 18 and defined E:\wamp64\www\campus\xyyb\Home\Model\DictionaryModel.class.php 第 20 行.
SQL: SELECT * FROM `dictionary` ORDER BY id  [ RunTime:0.0144s ]
INFO: [ view_parse ] --START--
INFO: [ template_filter ] --START--
INFO: Run Behavior\ContentReplaceBehavior [ RunTime:0.000216s ]
INFO: [ template_filter ] --END-- [ RunTime:0.000528s ]
INFO: Run Behavior\ParseTemplateBehavior [ RunTime:0.024697s ]
INFO: [ view_parse ] --END-- [ RunTime:0.025214s ]
INFO: [ view_filter ] --START--
INFO: Run Behavior\WriteHtmlCacheBehavior [ RunTime:0.001382s ]
INFO: [ view_filter ] --END-- [ RunTime:0.001761s ]
INFO: [ app_end ] --START--
INFO: Run Behavior\ShowPageTraceBehavior [ RunTime:0.001671s ]
INFO: [ app_end ] --END-- [ RunTime:0.001976s ]

[ 2018-01-30T19:30:04+08:00 ] ::1 /campus/xyyb/index.php/Home/Dictionary/showlist.html
INFO: [ app_init ] --START--
INFO: Run Behavior\BuildLiteBehavior [ RunTime:0.000071s ]
INFO: [ app_init ] --END-- [ RunTime:0.003638s ]
INFO: [ app_begin ] --START--
INFO: Run Behavior\ReadHtmlCacheBehavior [ RunTime:0.001716s ]
INFO: [ app_begin ] --END-- [ RunTime:0.002028s ]
SQL: SHOW COLUMNS FROM `dictionary` [ RunTime:0.0137s ]
SQL: SHOW COLUMNS FROM `dictionary` [ RunTime:0.0215s ]
NOTIC: [2] Missing argument 1 for Home\Model\DictionaryModel::getDictionaries(), called in E:\wamp64\www\campus\xyyb\Home\Service\DictionaryService.class.php on line 18 and defined E:\wamp64\www\campus\xyyb\Home\Model\DictionaryModel.class.php 第 20 行.
SQL: SELECT * FROM `dictionary` ORDER BY id  [ RunTime:0.0151s ]
NOTIC: [2] Missing argument 1 for Home\Model\DictionaryModel::getDictionaries(), called in E:\wamp64\www\campus\xyyb\Home\Controller\DictionaryController.class.php on line 75 and defined E:\wamp64\www\campus\xyyb\Home\Model\DictionaryModel.class.php 第 20 行.
SQL: SELECT * FROM `dictionary` ORDER BY id  [ RunTime:0.0144s ]
NOTIC: [8] Undefined offset: 0 E:\wamp64\www\campus\xyyb\Home\Service\DictionaryService.class.php 第 28 行.
NOTIC: [8] Undefined offset: 0 E:\wamp64\www\campus\xyyb\Home\Service\DictionaryService.class.php 第 28 行.
NOTIC: [8] Undefined offset: 0 E:\wamp64\www\campus\xyyb\Home\Service\DictionaryService.class.php 第 28 行.
NOTIC: [8] Undefined offset: 0 E:\wamp64\www\campus\xyyb\Home\Service\DictionaryService.class.php 第 28 行.
NOTIC: [8] Undefined offset: 0 E:\wamp64\www\campus\xyyb\Home\Service\DictionaryService.class.php 第 28 行.
NOTIC: [8] Undefined offset: 0 E:\wamp64\www\campus\xyyb\Home\Service\DictionaryService.class.php 第 28 行.
NOTIC: [8] Undefined offset: 0 E:\wamp64\www\campus\xyyb\Home\Service\DictionaryService.class.php 第 28 行.
NOTIC: [8] Undefined offset: 0 E:\wamp64\www\campus\xyyb\Home\Service\DictionaryService.class.php 第 28 行.
NOTIC: [8] Undefined offset: 0 E:\wamp64\www\campus\xyyb\Home\Service\DictionaryService.class.php 第 28 行.
INFO: [ view_parse ] --START--
INFO: [ template_filter ] --START--
INFO: Run Behavior\ContentReplaceBehavior [ RunTime:0.000301s ]
INFO: [ template_filter ] --END-- [ RunTime:0.000649s ]
INFO: Run Behavior\ParseTemplateBehavior [ RunTime:0.031753s ]
INFO: [ view_parse ] --END-- [ RunTime:0.032100s ]
INFO: [ view_filter ] --START--
INFO: Run Behavior\WriteHtmlCacheBehavior [ RunTime:0.001616s ]
INFO: [ view_filter ] --END-- [ RunTime:0.001938s ]
INFO: [ app_end ] --START--
INFO: Run Behavior\ShowPageTraceBehavior [ RunTime:0.003648s ]
INFO: [ app_end ] --END-- [ RunTime:0.003974s ]

[ 2018-01-30T19:35:59+08:00 ] ::1 /campus/xyyb/index.php
INFO: [ app_init ] --START--
INFO: Run Behavior\BuildLiteBehavior [ RunTime:0.000070s ]
INFO: [ app_init ] --END-- [ RunTime:0.018985s ]
INFO: [ app_begin ] --START--
INFO: Run Behavior\ReadHtmlCacheBehavior [ RunTime:0.064494s ]
INFO: [ app_begin ] --END-- [ RunTime:0.064876s ]
INFO: [ view_parse ] --START--
INFO: [ template_filter ] --START--
INFO: Run Behavior\ContentReplaceBehavior [ RunTime:0.001613s ]
INFO: [ template_filter ] --END-- [ RunTime:0.001992s ]
INFO: Run Behavior\ParseTemplateBehavior [ RunTime:0.144690s ]
INFO: [ view_parse ] --END-- [ RunTime:0.145077s ]
INFO: [ view_filter ] --START--
INFO: Run Behavior\WriteHtmlCacheBehavior [ RunTime:0.025620s ]
INFO: [ view_filter ] --END-- [ RunTime:0.025953s ]
INFO: [ app_end ] --START--
INFO: Run Behavior\ShowPageTraceBehavior [ RunTime:0.023723s ]
INFO: [ app_end ] --END-- [ RunTime:0.040605s ]

[ 2018-01-30T19:36:00+08:00 ] ::1 /campus/xyyb/index.php/Home/Index/welcome.html
INFO: [ app_init ] --START--
INFO: Run Behavior\BuildLiteBehavior [ RunTime:0.000071s ]
INFO: [ app_init ] --END-- [ RunTime:0.001398s ]
INFO: [ app_begin ] --START--
INFO: Run Behavior\ReadHtmlCacheBehavior [ RunTime:0.003851s ]
INFO: [ app_begin ] --END-- [ RunTime:0.004172s ]
INFO: [ view_parse ] --START--
INFO: [ template_filter ] --START--
INFO: Run Behavior\ContentReplaceBehavior [ RunTime:0.000149s ]
INFO: [ template_filter ] --END-- [ RunTime:0.001073s ]
INFO: Run Behavior\ParseTemplateBehavior [ RunTime:0.019344s ]
INFO: [ view_parse ] --END-- [ RunTime:0.019813s ]
INFO: [ view_filter ] --START--
INFO: Run Behavior\WriteHtmlCacheBehavior [ RunTime:0.008606s ]
INFO: [ view_filter ] --END-- [ RunTime:0.008909s ]
INFO: [ app_end ] --START--
INFO: Run Behavior\ShowPageTraceBehavior [ RunTime:0.003343s ]
INFO: [ app_end ] --END-- [ RunTime:0.003645s ]

