[ 2018-01-25T11:05:29+08:00 ] ::1 /campus/xyyb/index.php
INFO: [ app_init ] --START--
INFO: Run Behavior\BuildLiteBehavior [ RunTime:0.000073s ]
INFO: [ app_init ] --END-- [ RunTime:0.036574s ]
INFO: [ app_begin ] --START--
INFO: Run Behavior\ReadHtmlCacheBehavior [ RunTime:0.012041s ]
INFO: [ app_begin ] --END-- [ RunTime:0.012417s ]
INFO: [ view_parse ] --START--
INFO: [ template_filter ] --START--
INFO: Run Behavior\ContentReplaceBehavior [ RunTime:0.005761s ]
INFO: [ template_filter ] --END-- [ RunTime:0.006088s ]
INFO: Run Behavior\ParseTemplateBehavior [ RunTime:0.185317s ]
INFO: [ view_parse ] --END-- [ RunTime:0.185641s ]
INFO: [ view_filter ] --START--
INFO: Run Behavior\WriteHtmlCacheBehavior [ RunTime:0.020524s ]
INFO: [ view_filter ] --END-- [ RunTime:0.020825s ]
INFO: [ app_end ] --START--
INFO: Run Behavior\ShowPageTraceBehavior [ RunTime:0.006110s ]
INFO: [ app_end ] --END-- [ RunTime:0.009875s ]

[ 2018-01-25T11:05:31+08:00 ] ::1 /campus/xyyb/index.php/Home/Index/welcome.html
INFO: [ app_init ] --START--
INFO: Run Behavior\BuildLiteBehavior [ RunTime:0.000073s ]
INFO: [ app_init ] --END-- [ RunTime:0.001300s ]
INFO: [ app_begin ] --START--
INFO: Run Behavior\ReadHtmlCacheBehavior [ RunTime:0.001421s ]
INFO: [ app_begin ] --END-- [ RunTime:0.001747s ]
INFO: [ view_parse ] --START--
INFO: [ template_filter ] --START--
INFO: Run Behavior\ContentReplaceBehavior [ RunTime:0.000143s ]
INFO: [ template_filter ] --END-- [ RunTime:0.000463s ]
INFO: Run Behavior\ParseTemplateBehavior [ RunTime:0.041958s ]
INFO: [ view_parse ] --END-- [ RunTime:0.042329s ]
INFO: [ view_filter ] --START--
INFO: Run Behavior\WriteHtmlCacheBehavior [ RunTime:0.002364s ]
INFO: [ view_filter ] --END-- [ RunTime:0.003808s ]
INFO: [ app_end ] --START--
INFO: Run Behavior\ShowPageTraceBehavior [ RunTime:0.005018s ]
INFO: [ app_end ] --END-- [ RunTime:0.005481s ]

[ 2018-01-25T11:05:38+08:00 ] ::1 /campus/xyyb/index.php/Home/Dictionary/listIndex.html
INFO: [ app_init ] --START--
INFO: Run Behavior\BuildLiteBehavior [ RunTime:0.000072s ]
INFO: [ app_init ] --END-- [ RunTime:0.002148s ]
INFO: [ app_begin ] --START--
INFO: Run Behavior\ReadHtmlCacheBehavior [ RunTime:0.001589s ]
INFO: [ app_begin ] --END-- [ RunTime:0.001911s ]
SQL: SHOW COLUMNS FROM `dictionary` [ RunTime:0.7473s ]
INFO: [ view_parse ] --START--
INFO: [ template_filter ] --START--
INFO: Run Behavior\ContentReplaceBehavior [ RunTime:0.000214s ]
INFO: [ template_filter ] --END-- [ RunTime:0.000512s ]
INFO: Run Behavior\ParseTemplateBehavior [ RunTime:0.043479s ]
INFO: [ view_parse ] --END-- [ RunTime:0.043815s ]
INFO: [ view_filter ] --START--
INFO: Run Behavior\WriteHtmlCacheBehavior [ RunTime:0.000986s ]
INFO: [ view_filter ] --END-- [ RunTime:0.001263s ]
INFO: [ app_end ] --START--
INFO: Run Behavior\ShowPageTraceBehavior [ RunTime:0.001363s ]
INFO: [ app_end ] --END-- [ RunTime:0.001675s ]

[ 2018-01-25T11:05:38+08:00 ] ::1 /campus/xyyb/index.php/Home/Dictionary/showlist.html
INFO: [ app_init ] --START--
INFO: Run Behavior\BuildLiteBehavior [ RunTime:0.000068s ]
INFO: [ app_init ] --END-- [ RunTime:0.001347s ]
INFO: [ app_begin ] --START--
INFO: Run Behavior\ReadHtmlCacheBehavior [ RunTime:0.001586s ]
INFO: [ app_begin ] --END-- [ RunTime:0.001909s ]
SQL: SHOW COLUMNS FROM `dictionary` [ RunTime:0.0139s ]
INFO: [ view_parse ] --START--
INFO: [ template_filter ] --START--
INFO: Run Behavior\ContentReplaceBehavior [ RunTime:0.000317s ]
INFO: [ template_filter ] --END-- [ RunTime:0.000715s ]
INFO: Run Behavior\ParseTemplateBehavior [ RunTime:0.052044s ]
INFO: [ view_parse ] --END-- [ RunTime:0.052410s ]
INFO: [ view_filter ] --START--
INFO: Run Behavior\WriteHtmlCacheBehavior [ RunTime:0.001153s ]
INFO: [ view_filter ] --END-- [ RunTime:0.001461s ]
INFO: [ app_end ] --START--
INFO: Run Behavior\ShowPageTraceBehavior [ RunTime:0.001963s ]
INFO: [ app_end ] --END-- [ RunTime:0.002838s ]

[ 2018-01-25T11:36:02+08:00 ] ::1 /campus/xyyb/index.php/Home/Dictionary/index.html
INFO: [ app_init ] --START--
INFO: Run Behavior\BuildLiteBehavior [ RunTime:0.000072s ]
INFO: [ app_init ] --END-- [ RunTime:0.012345s ]
INFO: [ app_begin ] --START--
INFO: Run Behavior\ReadHtmlCacheBehavior [ RunTime:0.008327s ]
INFO: [ app_begin ] --END-- [ RunTime:0.008771s ]
SQL: SHOW COLUMNS FROM `dictionary` [ RunTime:0.0144s ]
INFO: [ view_parse ] --START--
INFO: [ template_filter ] --START--
INFO: Run Behavior\ContentReplaceBehavior [ RunTime:0.000555s ]
INFO: [ template_filter ] --END-- [ RunTime:0.000866s ]
INFO: Run Behavior\ParseTemplateBehavior [ RunTime:0.110583s ]
INFO: [ view_parse ] --END-- [ RunTime:0.110912s ]
INFO: [ view_filter ] --START--
INFO: Run Behavior\WriteHtmlCacheBehavior [ RunTime:0.017841s ]
INFO: [ view_filter ] --END-- [ RunTime:0.018151s ]
INFO: [ app_end ] --START--
INFO: Run Behavior\ShowPageTraceBehavior [ RunTime:0.002938s ]
INFO: [ app_end ] --END-- [ RunTime:0.003251s ]

[ 2018-01-25T11:36:03+08:00 ] ::1 /campus/xyyb/index.php/Home/Dictionary/adddictionary.html
INFO: [ app_init ] --START--
INFO: Run Behavior\BuildLiteBehavior [ RunTime:0.000079s ]
INFO: [ app_init ] --END-- [ RunTime:0.001556s ]
INFO: [ app_begin ] --START--
INFO: Run Behavior\ReadHtmlCacheBehavior [ RunTime:0.001425s ]
INFO: [ app_begin ] --END-- [ RunTime:0.001775s ]
SQL: SHOW COLUMNS FROM `dictionary` [ RunTime:0.0117s ]
NOTIC: [8] Undefined index: id E:\wamp64\www\campus\xyyb\Home\Controller\DictionaryController.class.php 第 22 行.
NOTIC: [8] Undefined index: pId E:\wamp64\www\campus\xyyb\Home\Controller\DictionaryController.class.php 第 23 行.
NOTIC: [8] Undefined index: name E:\wamp64\www\campus\xyyb\Home\Controller\DictionaryController.class.php 第 24 行.
NOTIC: [8] Undefined index: level E:\wamp64\www\campus\xyyb\Home\Controller\DictionaryController.class.php 第 25 行.
INFO: [ view_parse ] --START--
INFO: [ template_filter ] --START--
INFO: Run Behavior\ContentReplaceBehavior [ RunTime:0.000320s ]
INFO: [ template_filter ] --END-- [ RunTime:0.000626s ]
INFO: Run Behavior\ParseTemplateBehavior [ RunTime:0.039269s ]
INFO: [ view_parse ] --END-- [ RunTime:0.039612s ]
INFO: [ view_filter ] --START--
INFO: Run Behavior\WriteHtmlCacheBehavior [ RunTime:0.001341s ]
INFO: [ view_filter ] --END-- [ RunTime:0.001753s ]
INFO: [ app_end ] --START--
INFO: Run Behavior\ShowPageTraceBehavior [ RunTime:0.001537s ]
INFO: [ app_end ] --END-- [ RunTime:0.001911s ]

[ 2018-01-25T11:36:03+08:00 ] ::1 /campus/xyyb/index.php/Home/Dictionary/lib/jquery.validation/1.14.0/jquery.validate.js
INFO: [ app_init ] --START--
INFO: Run Behavior\BuildLiteBehavior [ RunTime:0.000071s ]
INFO: [ app_init ] --END-- [ RunTime:0.002242s ]
INFO: [ app_begin ] --START--
INFO: Run Behavior\ReadHtmlCacheBehavior [ RunTime:0.002736s ]
INFO: [ app_begin ] --END-- [ RunTime:0.003053s ]
SQL: SHOW COLUMNS FROM `dictionary` [ RunTime:0.0137s ]
ERR: 非法操作:lib

[ 2018-01-25T11:36:03+08:00 ] ::1 /campus/xyyb/index.php/Home/Dictionary/lib/jquery.validation/1.14.0/validate-methods.js
INFO: [ app_init ] --START--
INFO: Run Behavior\BuildLiteBehavior [ RunTime:0.000774s ]
INFO: [ app_init ] --END-- [ RunTime:0.002029s ]
INFO: [ app_begin ] --START--
INFO: Run Behavior\ReadHtmlCacheBehavior [ RunTime:0.001456s ]
INFO: [ app_begin ] --END-- [ RunTime:0.001768s ]
SQL: SHOW COLUMNS FROM `dictionary` [ RunTime:0.0138s ]
ERR: 非法操作:lib

[ 2018-01-25T11:36:04+08:00 ] ::1 /campus/xyyb/index.php/Home/Dictionary/lib/jquery.validation/1.14.0/messages_zh.js
INFO: [ app_init ] --START--
INFO: Run Behavior\BuildLiteBehavior [ RunTime:0.000206s ]
INFO: [ app_init ] --END-- [ RunTime:0.012520s ]
INFO: [ app_begin ] --START--
INFO: Run Behavior\ReadHtmlCacheBehavior [ RunTime:0.002416s ]
INFO: [ app_begin ] --END-- [ RunTime:0.002750s ]
SQL: SHOW COLUMNS FROM `dictionary` [ RunTime:0.0241s ]
ERR: 非法操作:lib

[ 2018-01-25T11:36:04+08:00 ] ::1 /campus/xyyb/index.php/Home/Dictionary/lib/jquery.validation/1.14.0/jquery.validate.js
INFO: [ app_init ] --START--
INFO: Run Behavior\BuildLiteBehavior [ RunTime:0.000070s ]
INFO: [ app_init ] --END-- [ RunTime:0.002002s ]
INFO: [ app_begin ] --START--
INFO: Run Behavior\ReadHtmlCacheBehavior [ RunTime:0.001523s ]
INFO: [ app_begin ] --END-- [ RunTime:0.002017s ]
SQL: SHOW COLUMNS FROM `dictionary` [ RunTime:0.0137s ]
ERR: 非法操作:lib

[ 2018-01-25T11:36:04+08:00 ] ::1 /campus/xyyb/index.php/Home/Dictionary/lib/jquery.validation/1.14.0/validate-methods.js
INFO: [ app_init ] --START--
INFO: Run Behavior\BuildLiteBehavior [ RunTime:0.000068s ]
INFO: [ app_init ] --END-- [ RunTime:0.001336s ]
INFO: [ app_begin ] --START--
INFO: Run Behavior\ReadHtmlCacheBehavior [ RunTime:0.001595s ]
INFO: [ app_begin ] --END-- [ RunTime:0.001910s ]
SQL: SHOW COLUMNS FROM `dictionary` [ RunTime:0.0132s ]
ERR: 非法操作:lib

[ 2018-01-25T11:36:04+08:00 ] ::1 /campus/xyyb/index.php/Home/Dictionary/lib/jquery.validation/1.14.0/messages_zh.js
INFO: [ app_init ] --START--
INFO: Run Behavior\BuildLiteBehavior [ RunTime:0.000065s ]
INFO: [ app_init ] --END-- [ RunTime:0.001160s ]
INFO: [ app_begin ] --START--
INFO: Run Behavior\ReadHtmlCacheBehavior [ RunTime:0.001231s ]
INFO: [ app_begin ] --END-- [ RunTime:0.001530s ]
SQL: SHOW COLUMNS FROM `dictionary` [ RunTime:0.0145s ]
ERR: 非法操作:lib

[ 2018-01-25T11:36:17+08:00 ] ::1 /campus/xyyb/index.php/Home/Dictionary/index.html
INFO: [ app_init ] --START--
INFO: Run Behavior\BuildLiteBehavior [ RunTime:0.000070s ]
INFO: [ app_init ] --END-- [ RunTime:0.010749s ]
INFO: [ app_begin ] --START--
INFO: Run Behavior\ReadHtmlCacheBehavior [ RunTime:0.001300s ]
INFO: [ app_begin ] --END-- [ RunTime:0.001617s ]
SQL: SHOW COLUMNS FROM `dictionary` [ RunTime:0.0148s ]
INFO: [ view_parse ] --START--
INFO: [ template_filter ] --START--
INFO: Run Behavior\ContentReplaceBehavior [ RunTime:0.000304s ]
INFO: [ template_filter ] --END-- [ RunTime:0.000661s ]
INFO: Run Behavior\ParseTemplateBehavior [ RunTime:0.027770s ]
INFO: [ view_parse ] --END-- [ RunTime:0.028117s ]
INFO: [ view_filter ] --START--
INFO: Run Behavior\WriteHtmlCacheBehavior [ RunTime:0.001348s ]
INFO: [ view_filter ] --END-- [ RunTime:0.001665s ]
INFO: [ app_end ] --START--
INFO: Run Behavior\ShowPageTraceBehavior [ RunTime:0.001354s ]
INFO: [ app_end ] --END-- [ RunTime:0.001639s ]

[ 2018-01-25T11:36:17+08:00 ] ::1 /campus/xyyb/index.php/Home/Dictionary/adddictionary.html
INFO: [ app_init ] --START--
INFO: Run Behavior\BuildLiteBehavior [ RunTime:0.000077s ]
INFO: [ app_init ] --END-- [ RunTime:0.001561s ]
INFO: [ app_begin ] --START--
INFO: Run Behavior\ReadHtmlCacheBehavior [ RunTime:0.001841s ]
INFO: [ app_begin ] --END-- [ RunTime:0.002177s ]
SQL: SHOW COLUMNS FROM `dictionary` [ RunTime:0.0143s ]
NOTIC: [8] Undefined index: id E:\wamp64\www\campus\xyyb\Home\Controller\DictionaryController.class.php 第 22 行.
NOTIC: [8] Undefined index: pId E:\wamp64\www\campus\xyyb\Home\Controller\DictionaryController.class.php 第 23 行.
NOTIC: [8] Undefined index: name E:\wamp64\www\campus\xyyb\Home\Controller\DictionaryController.class.php 第 24 行.
NOTIC: [8] Undefined index: level E:\wamp64\www\campus\xyyb\Home\Controller\DictionaryController.class.php 第 25 行.
INFO: [ view_parse ] --START--
INFO: [ template_filter ] --START--
INFO: Run Behavior\ContentReplaceBehavior [ RunTime:0.000209s ]
INFO: [ template_filter ] --END-- [ RunTime:0.000516s ]
INFO: Run Behavior\ParseTemplateBehavior [ RunTime:0.024014s ]
INFO: [ view_parse ] --END-- [ RunTime:0.024323s ]
INFO: [ view_filter ] --START--
INFO: Run Behavior\WriteHtmlCacheBehavior [ RunTime:0.001077s ]
INFO: [ view_filter ] --END-- [ RunTime:0.001363s ]
INFO: [ app_end ] --START--
INFO: Run Behavior\ShowPageTraceBehavior [ RunTime:0.001253s ]
INFO: [ app_end ] --END-- [ RunTime:0.001540s ]

[ 2018-01-25T11:36:18+08:00 ] ::1 /campus/xyyb/index.php/Home/Dictionary/lib/jquery.validation/1.14.0/jquery.validate.js
INFO: [ app_init ] --START--
INFO: Run Behavior\BuildLiteBehavior [ RunTime:0.000114s ]
INFO: [ app_init ] --END-- [ RunTime:0.004322s ]
INFO: [ app_begin ] --START--
INFO: Run Behavior\ReadHtmlCacheBehavior [ RunTime:0.002226s ]
INFO: [ app_begin ] --END-- [ RunTime:0.002637s ]
SQL: SHOW COLUMNS FROM `dictionary` [ RunTime:0.0142s ]
ERR: 非法操作:lib

[ 2018-01-25T11:36:18+08:00 ] ::1 /campus/xyyb/index.php/Home/Dictionary/lib/jquery.validation/1.14.0/messages_zh.js
INFO: [ app_init ] --START--
INFO: Run Behavior\BuildLiteBehavior [ RunTime:0.000072s ]
INFO: [ app_init ] --END-- [ RunTime:0.001615s ]
INFO: [ app_begin ] --START--
INFO: Run Behavior\ReadHtmlCacheBehavior [ RunTime:0.002967s ]
INFO: [ app_begin ] --END-- [ RunTime:0.003277s ]
SQL: SHOW COLUMNS FROM `dictionary` [ RunTime:0.0137s ]
ERR: 非法操作:lib

[ 2018-01-25T11:36:18+08:00 ] ::1 /campus/xyyb/index.php/Home/Dictionary/lib/jquery.validation/1.14.0/validate-methods.js
INFO: [ app_init ] --START--
INFO: Run Behavior\BuildLiteBehavior [ RunTime:0.000127s ]
INFO: [ app_init ] --END-- [ RunTime:0.001603s ]
INFO: [ app_begin ] --START--
INFO: Run Behavior\ReadHtmlCacheBehavior [ RunTime:0.002348s ]
INFO: [ app_begin ] --END-- [ RunTime:0.002695s ]
SQL: SHOW COLUMNS FROM `dictionary` [ RunTime:0.0122s ]
ERR: 非法操作:lib

[ 2018-01-25T11:36:18+08:00 ] ::1 /campus/xyyb/index.php/Home/Dictionary/lib/jquery.validation/1.14.0/jquery.validate.js
INFO: [ app_init ] --START--
INFO: Run Behavior\BuildLiteBehavior [ RunTime:0.000116s ]
INFO: [ app_init ] --END-- [ RunTime:0.003223s ]
INFO: [ app_begin ] --START--
INFO: Run Behavior\ReadHtmlCacheBehavior [ RunTime:0.001438s ]
INFO: [ app_begin ] --END-- [ RunTime:0.002072s ]
SQL: SHOW COLUMNS FROM `dictionary` [ RunTime:0.0122s ]
ERR: 非法操作:lib

[ 2018-01-25T11:36:18+08:00 ] ::1 /campus/xyyb/index.php/Home/Dictionary/lib/jquery.validation/1.14.0/validate-methods.js
INFO: [ app_init ] --START--
INFO: Run Behavior\BuildLiteBehavior [ RunTime:0.000080s ]
INFO: [ app_init ] --END-- [ RunTime:0.002093s ]
INFO: [ app_begin ] --START--
INFO: Run Behavior\ReadHtmlCacheBehavior [ RunTime:0.002238s ]
INFO: [ app_begin ] --END-- [ RunTime:0.002585s ]
SQL: SHOW COLUMNS FROM `dictionary` [ RunTime:0.0150s ]
ERR: 非法操作:lib

[ 2018-01-25T11:36:18+08:00 ] ::1 /campus/xyyb/index.php/Home/Dictionary/lib/jquery.validation/1.14.0/messages_zh.js
INFO: [ app_init ] --START--
INFO: Run Behavior\BuildLiteBehavior [ RunTime:0.000159s ]
INFO: [ app_init ] --END-- [ RunTime:0.021678s ]
INFO: [ app_begin ] --START--
INFO: Run Behavior\ReadHtmlCacheBehavior [ RunTime:0.001333s ]
INFO: [ app_begin ] --END-- [ RunTime:0.001643s ]
SQL: SHOW COLUMNS FROM `dictionary` [ RunTime:0.0119s ]
ERR: 非法操作:lib

[ 2018-01-25T11:36:30+08:00 ] ::1 /campus/xyyb/index.php/Home/Dictionary/adddictionary/id/11/pid/1/name/%E5%AD%A6%E4%B9%A0/level/1
INFO: [ app_init ] --START--
INFO: Run Behavior\BuildLiteBehavior [ RunTime:0.000068s ]
INFO: [ app_init ] --END-- [ RunTime:0.001400s ]
INFO: [ app_begin ] --START--
INFO: Run Behavior\ReadHtmlCacheBehavior [ RunTime:0.001226s ]
INFO: [ app_begin ] --END-- [ RunTime:0.001532s ]
SQL: SHOW COLUMNS FROM `dictionary` [ RunTime:0.0137s ]
NOTIC: [8] Undefined index: pId E:\wamp64\www\campus\xyyb\Home\Controller\DictionaryController.class.php 第 23 行.
INFO: [ view_parse ] --START--
INFO: [ template_filter ] --START--
INFO: Run Behavior\ContentReplaceBehavior [ RunTime:0.000216s ]
INFO: [ template_filter ] --END-- [ RunTime:0.000508s ]
INFO: Run Behavior\ParseTemplateBehavior [ RunTime:0.023394s ]
INFO: [ view_parse ] --END-- [ RunTime:0.024336s ]
INFO: [ view_filter ] --START--
INFO: Run Behavior\WriteHtmlCacheBehavior [ RunTime:0.001211s ]
INFO: [ view_filter ] --END-- [ RunTime:0.001509s ]
INFO: [ app_end ] --START--
INFO: Run Behavior\ShowPageTraceBehavior [ RunTime:0.002296s ]
INFO: [ app_end ] --END-- [ RunTime:0.002686s ]

[ 2018-01-25T11:36:30+08:00 ] ::1 /campus/xyyb/index.php/Home/Dictionary/adddictionary/id/11/pid/1/name/%E5%AD%A6%E4%B9%A0/level/lib/jquery.validation/1.14.0/jquery.validate.js
INFO: [ app_init ] --START--
INFO: Run Behavior\BuildLiteBehavior [ RunTime:0.000070s ]
INFO: [ app_init ] --END-- [ RunTime:0.001954s ]
INFO: [ app_begin ] --START--
INFO: Run Behavior\ReadHtmlCacheBehavior [ RunTime:0.003755s ]
INFO: [ app_begin ] --END-- [ RunTime:0.004124s ]
SQL: SHOW COLUMNS FROM `dictionary` [ RunTime:0.0127s ]
NOTIC: [8] Undefined index: pId E:\wamp64\www\campus\xyyb\Home\Controller\DictionaryController.class.php 第 23 行.
INFO: [ view_parse ] --START--
INFO: [ template_filter ] --START--
INFO: Run Behavior\ContentReplaceBehavior [ RunTime:0.000313s ]
INFO: [ template_filter ] --END-- [ RunTime:0.000620s ]
INFO: Run Behavior\ParseTemplateBehavior [ RunTime:0.026490s ]
INFO: [ view_parse ] --END-- [ RunTime:0.026857s ]
INFO: [ view_filter ] --START--
INFO: Run Behavior\WriteHtmlCacheBehavior [ RunTime:0.007003s ]
INFO: [ view_filter ] --END-- [ RunTime:0.008175s ]
INFO: [ app_end ] --START--
INFO: Run Behavior\ShowPageTraceBehavior [ RunTime:0.001502s ]
INFO: [ app_end ] --END-- [ RunTime:0.001852s ]

[ 2018-01-25T11:36:30+08:00 ] ::1 /campus/xyyb/index.php/Home/Dictionary/adddictionary/id/11/pid/1/name/%E5%AD%A6%E4%B9%A0/level/lib/jquery.validation/1.14.0/messages_zh.js
INFO: [ app_init ] --START--
INFO: Run Behavior\BuildLiteBehavior [ RunTime:0.000067s ]
INFO: [ app_init ] --END-- [ RunTime:0.001785s ]
INFO: [ app_begin ] --START--
INFO: Run Behavior\ReadHtmlCacheBehavior [ RunTime:0.002199s ]
INFO: [ app_begin ] --END-- [ RunTime:0.002518s ]
SQL: SHOW COLUMNS FROM `dictionary` [ RunTime:0.0138s ]
NOTIC: [8] Undefined index: pId E:\wamp64\www\campus\xyyb\Home\Controller\DictionaryController.class.php 第 23 行.
INFO: [ view_parse ] --START--
INFO: [ template_filter ] --START--
INFO: Run Behavior\ContentReplaceBehavior [ RunTime:0.000218s ]
INFO: [ template_filter ] --END-- [ RunTime:0.000602s ]
INFO: Run Behavior\ParseTemplateBehavior [ RunTime:0.023272s ]
INFO: [ view_parse ] --END-- [ RunTime:0.023585s ]
INFO: [ view_filter ] --START--
INFO: Run Behavior\WriteHtmlCacheBehavior [ RunTime:0.002045s ]
INFO: [ view_filter ] --END-- [ RunTime:0.002342s ]
INFO: [ app_end ] --START--
INFO: Run Behavior\ShowPageTraceBehavior [ RunTime:0.001532s ]
INFO: [ app_end ] --END-- [ RunTime:0.001822s ]

[ 2018-01-25T11:36:30+08:00 ] ::1 /campus/xyyb/index.php/Home/Dictionary/adddictionary/id/11/pid/1/name/%E5%AD%A6%E4%B9%A0/level/lib/jquery.validation/1.14.0/validate-methods.js
INFO: [ app_init ] --START--
INFO: Run Behavior\BuildLiteBehavior [ RunTime:0.000068s ]
INFO: [ app_init ] --END-- [ RunTime:0.001458s ]
INFO: [ app_begin ] --START--
INFO: Run Behavior\ReadHtmlCacheBehavior [ RunTime:0.001376s ]
INFO: [ app_begin ] --END-- [ RunTime:0.001698s ]
SQL: SHOW COLUMNS FROM `dictionary` [ RunTime:0.0138s ]
NOTIC: [8] Undefined index: pId E:\wamp64\www\campus\xyyb\Home\Controller\DictionaryController.class.php 第 23 行.
INFO: [ view_parse ] --START--
INFO: [ template_filter ] --START--
INFO: Run Behavior\ContentReplaceBehavior [ RunTime:0.000215s ]
INFO: [ template_filter ] --END-- [ RunTime:0.000580s ]
INFO: Run Behavior\ParseTemplateBehavior [ RunTime:0.029641s ]
INFO: [ view_parse ] --END-- [ RunTime:0.029953s ]
INFO: [ view_filter ] --START--
INFO: Run Behavior\WriteHtmlCacheBehavior [ RunTime:0.001824s ]
INFO: [ view_filter ] --END-- [ RunTime:0.002132s ]
INFO: [ app_end ] --START--
INFO: Run Behavior\ShowPageTraceBehavior [ RunTime:0.001524s ]
INFO: [ app_end ] --END-- [ RunTime:0.001902s ]

[ 2018-01-25T11:49:30+08:00 ] ::1 /campus/xyyb/index.php/Home/Dictionary/listIndex.html
INFO: [ app_init ] --START--
INFO: Run Behavior\BuildLiteBehavior [ RunTime:0.000067s ]
INFO: [ app_init ] --END-- [ RunTime:0.001390s ]
INFO: [ app_begin ] --START--
INFO: Run Behavior\ReadHtmlCacheBehavior [ RunTime:0.001649s ]
INFO: [ app_begin ] --END-- [ RunTime:0.001970s ]
SQL: SHOW COLUMNS FROM `dictionary` [ RunTime:0.0130s ]
SQL: SHOW COLUMNS FROM `dictionary` [ RunTime:0.0113s ]
NOTIC: [2] Missing argument 1 for Home\Model\DictionaryModel::getDictionaries(), called in E:\wamp64\www\campus\xyyb\Home\Service\DictionaryService.class.php on line 18 and defined E:\wamp64\www\campus\xyyb\Home\Model\DictionaryModel.class.php 第 20 行.
SQL: SELECT * FROM `dictionary`  [ RunTime:0.0167s ]
INFO: [ view_parse ] --START--
INFO: [ template_filter ] --START--
INFO: Run Behavior\ContentReplaceBehavior [ RunTime:0.000247s ]
INFO: [ template_filter ] --END-- [ RunTime:0.000547s ]
INFO: Run Behavior\ParseTemplateBehavior [ RunTime:0.036337s ]
INFO: [ view_parse ] --END-- [ RunTime:0.036667s ]
INFO: [ view_filter ] --START--
INFO: Run Behavior\WriteHtmlCacheBehavior [ RunTime:0.001223s ]
INFO: [ view_filter ] --END-- [ RunTime:0.001520s ]
INFO: [ app_end ] --START--
INFO: Run Behavior\ShowPageTraceBehavior [ RunTime:0.002123s ]
INFO: [ app_end ] --END-- [ RunTime:0.002434s ]

[ 2018-01-25T11:49:31+08:00 ] ::1 /campus/xyyb/index.php/Home/Dictionary/showlist.html
INFO: [ app_init ] --START--
INFO: Run Behavior\BuildLiteBehavior [ RunTime:0.000069s ]
INFO: [ app_init ] --END-- [ RunTime:0.001269s ]
INFO: [ app_begin ] --START--
INFO: Run Behavior\ReadHtmlCacheBehavior [ RunTime:0.001354s ]
INFO: [ app_begin ] --END-- [ RunTime:0.001680s ]
SQL: SHOW COLUMNS FROM `dictionary` [ RunTime:0.0127s ]
SQL: SHOW COLUMNS FROM `dictionary` [ RunTime:0.0111s ]
NOTIC: [2] Missing argument 1 for Home\Model\DictionaryModel::getDictionaries(), called in E:\wamp64\www\campus\xyyb\Home\Service\DictionaryService.class.php on line 18 and defined E:\wamp64\www\campus\xyyb\Home\Model\DictionaryModel.class.php 第 20 行.
SQL: SELECT * FROM `dictionary`  [ RunTime:0.0124s ]
ERR: 参数错误或者未定义:data

[ 2018-01-25T11:49:41+08:00 ] ::1 /campus/xyyb/index.php/Home/Dictionary/listIndex.html
INFO: [ app_init ] --START--
INFO: Run Behavior\BuildLiteBehavior [ RunTime:0.000062s ]
INFO: [ app_init ] --END-- [ RunTime:0.001126s ]
INFO: [ app_begin ] --START--
INFO: Run Behavior\ReadHtmlCacheBehavior [ RunTime:0.001316s ]
INFO: [ app_begin ] --END-- [ RunTime:0.001622s ]
SQL: SHOW COLUMNS FROM `dictionary` [ RunTime:0.0165s ]
SQL: SHOW COLUMNS FROM `dictionary` [ RunTime:0.0236s ]
NOTIC: [2] Missing argument 1 for Home\Model\DictionaryModel::getDictionaries(), called in E:\wamp64\www\campus\xyyb\Home\Service\DictionaryService.class.php on line 18 and defined E:\wamp64\www\campus\xyyb\Home\Model\DictionaryModel.class.php 第 20 行.
SQL: SELECT * FROM `dictionary`  [ RunTime:0.0223s ]
INFO: [ view_parse ] --START--
INFO: [ template_filter ] --START--
INFO: Run Behavior\ContentReplaceBehavior [ RunTime:0.000223s ]
INFO: [ template_filter ] --END-- [ RunTime:0.000528s ]
INFO: Run Behavior\ParseTemplateBehavior [ RunTime:0.028313s ]
INFO: [ view_parse ] --END-- [ RunTime:0.028664s ]
INFO: [ view_filter ] --START--
INFO: Run Behavior\WriteHtmlCacheBehavior [ RunTime:0.001120s ]
INFO: [ view_filter ] --END-- [ RunTime:0.001421s ]
INFO: [ app_end ] --START--
INFO: Run Behavior\ShowPageTraceBehavior [ RunTime:0.001313s ]
INFO: [ app_end ] --END-- [ RunTime:0.001614s ]

[ 2018-01-25T11:49:41+08:00 ] ::1 /campus/xyyb/index.php/Home/Dictionary/showlist.html
INFO: [ app_init ] --START--
INFO: Run Behavior\BuildLiteBehavior [ RunTime:0.000071s ]
INFO: [ app_init ] --END-- [ RunTime:0.001307s ]
INFO: [ app_begin ] --START--
INFO: Run Behavior\ReadHtmlCacheBehavior [ RunTime:0.001495s ]
INFO: [ app_begin ] --END-- [ RunTime:0.001805s ]
SQL: SHOW COLUMNS FROM `dictionary` [ RunTime:0.0137s ]
SQL: SHOW COLUMNS FROM `dictionary` [ RunTime:0.0121s ]
NOTIC: [2] Missing argument 1 for Home\Model\DictionaryModel::getDictionaries(), called in E:\wamp64\www\campus\xyyb\Home\Service\DictionaryService.class.php on line 18 and defined E:\wamp64\www\campus\xyyb\Home\Model\DictionaryModel.class.php 第 20 行.
SQL: SELECT * FROM `dictionary`  [ RunTime:0.0256s ]
NOTIC: [2] Missing argument 1 for Home\Model\DictionaryModel::getDictionaries(), called in E:\wamp64\www\campus\xyyb\Home\Controller\DictionaryController.class.php on line 76 and defined E:\wamp64\www\campus\xyyb\Home\Model\DictionaryModel.class.php 第 20 行.
SQL: SELECT * FROM `dictionary`  [ RunTime:0.0141s ]
NOTIC: [8] Undefined offset: 0 E:\wamp64\www\campus\xyyb\Home\Service\DictionaryService.class.php 第 28 行.
NOTIC: [8] Undefined offset: 0 E:\wamp64\www\campus\xyyb\Home\Service\DictionaryService.class.php 第 28 行.
NOTIC: [8] Undefined offset: 0 E:\wamp64\www\campus\xyyb\Home\Service\DictionaryService.class.php 第 28 行.
NOTIC: [8] Undefined offset: 0 E:\wamp64\www\campus\xyyb\Home\Service\DictionaryService.class.php 第 28 行.
NOTIC: [8] Undefined offset: -1 E:\wamp64\www\campus\xyyb\Home\Service\DictionaryService.class.php 第 28 行.
INFO: [ view_parse ] --START--
INFO: [ template_filter ] --START--
INFO: Run Behavior\ContentReplaceBehavior [ RunTime:0.000293s ]
INFO: [ template_filter ] --END-- [ RunTime:0.000591s ]
INFO: Run Behavior\ParseTemplateBehavior [ RunTime:0.032728s ]
INFO: [ view_parse ] --END-- [ RunTime:0.033056s ]
INFO: [ view_filter ] --START--
INFO: Run Behavior\WriteHtmlCacheBehavior [ RunTime:0.001792s ]
INFO: [ view_filter ] --END-- [ RunTime:0.002089s ]
NOTIC: [2] Cannot modify header information - headers already sent by (output started at E:\wamp64\www\campus\xyyb\Home\Controller\DictionaryController.class.php:44) E:\wamp64\www\campus\ThinkPHP\Library\Think\View.class.php 第 91 行.
NOTIC: [2] Cannot modify header information - headers already sent by (output started at E:\wamp64\www\campus\xyyb\Home\Controller\DictionaryController.class.php:44) E:\wamp64\www\campus\ThinkPHP\Library\Think\View.class.php 第 92 行.
NOTIC: [2] Cannot modify header information - headers already sent by (output started at E:\wamp64\www\campus\xyyb\Home\Controller\DictionaryController.class.php:44) E:\wamp64\www\campus\ThinkPHP\Library\Think\View.class.php 第 93 行.
INFO: [ app_end ] --START--
INFO: Run Behavior\ShowPageTraceBehavior [ RunTime:0.042967s ]
INFO: [ app_end ] --END-- [ RunTime:0.043304s ]

[ 2018-01-25T11:50:45+08:00 ] ::1 /campus/xyyb/index.php/Home/Dictionary/listIndex.html
INFO: [ app_init ] --START--
INFO: Run Behavior\BuildLiteBehavior [ RunTime:0.000074s ]
INFO: [ app_init ] --END-- [ RunTime:0.007200s ]
INFO: [ app_begin ] --START--
INFO: Run Behavior\ReadHtmlCacheBehavior [ RunTime:0.001257s ]
INFO: [ app_begin ] --END-- [ RunTime:0.001576s ]
SQL: SHOW COLUMNS FROM `dictionary` [ RunTime:0.0146s ]
SQL: SHOW COLUMNS FROM `dictionary` [ RunTime:0.0141s ]
NOTIC: [2] Missing argument 1 for Home\Model\DictionaryModel::getDictionaries(), called in E:\wamp64\www\campus\xyyb\Home\Service\DictionaryService.class.php on line 18 and defined E:\wamp64\www\campus\xyyb\Home\Model\DictionaryModel.class.php 第 20 行.
SQL: SELECT * FROM `dictionary`  [ RunTime:0.0148s ]
INFO: [ view_parse ] --START--
INFO: [ template_filter ] --START--
INFO: Run Behavior\ContentReplaceBehavior [ RunTime:0.000224s ]
INFO: [ template_filter ] --END-- [ RunTime:0.000518s ]
INFO: Run Behavior\ParseTemplateBehavior [ RunTime:0.022069s ]
INFO: [ view_parse ] --END-- [ RunTime:0.022419s ]
INFO: [ view_filter ] --START--
INFO: Run Behavior\WriteHtmlCacheBehavior [ RunTime:0.001042s ]
INFO: [ view_filter ] --END-- [ RunTime:0.001335s ]
INFO: [ app_end ] --START--
INFO: Run Behavior\ShowPageTraceBehavior [ RunTime:0.001434s ]
INFO: [ app_end ] --END-- [ RunTime:0.001727s ]

[ 2018-01-25T11:50:45+08:00 ] ::1 /campus/xyyb/index.php/Home/Dictionary/showlist.html
INFO: [ app_init ] --START--
INFO: Run Behavior\BuildLiteBehavior [ RunTime:0.000071s ]
INFO: [ app_init ] --END-- [ RunTime:0.001400s ]
INFO: [ app_begin ] --START--
INFO: Run Behavior\ReadHtmlCacheBehavior [ RunTime:0.001370s ]
INFO: [ app_begin ] --END-- [ RunTime:0.001694s ]
SQL: SHOW COLUMNS FROM `dictionary` [ RunTime:0.0118s ]
SQL: SHOW COLUMNS FROM `dictionary` [ RunTime:0.0122s ]
NOTIC: [2] Missing argument 1 for Home\Model\DictionaryModel::getDictionaries(), called in E:\wamp64\www\campus\xyyb\Home\Service\DictionaryService.class.php on line 18 and defined E:\wamp64\www\campus\xyyb\Home\Model\DictionaryModel.class.php 第 20 行.
SQL: SELECT * FROM `dictionary`  [ RunTime:0.0134s ]
NOTIC: [2] Missing argument 1 for Home\Model\DictionaryModel::getDictionaries(), called in E:\wamp64\www\campus\xyyb\Home\Controller\DictionaryController.class.php on line 76 and defined E:\wamp64\www\campus\xyyb\Home\Model\DictionaryModel.class.php 第 20 行.
SQL: SELECT * FROM `dictionary`  [ RunTime:0.0116s ]

[ 2018-01-25T11:51:16+08:00 ] ::1 /campus/xyyb/index.php/Home/Dictionary/listIndex.html
INFO: [ app_init ] --START--
INFO: Run Behavior\BuildLiteBehavior [ RunTime:0.000102s ]
INFO: [ app_init ] --END-- [ RunTime:0.001634s ]
INFO: [ app_begin ] --START--
INFO: Run Behavior\ReadHtmlCacheBehavior [ RunTime:0.001419s ]
INFO: [ app_begin ] --END-- [ RunTime:0.001749s ]
SQL: SHOW COLUMNS FROM `dictionary` [ RunTime:0.0135s ]
SQL: SHOW COLUMNS FROM `dictionary` [ RunTime:0.0158s ]
NOTIC: [2] Missing argument 1 for Home\Model\DictionaryModel::getDictionaries(), called in E:\wamp64\www\campus\xyyb\Home\Service\DictionaryService.class.php on line 18 and defined E:\wamp64\www\campus\xyyb\Home\Model\DictionaryModel.class.php 第 20 行.
SQL: SELECT * FROM `dictionary`  [ RunTime:0.0125s ]
INFO: [ view_parse ] --START--
INFO: [ template_filter ] --START--
INFO: Run Behavior\ContentReplaceBehavior [ RunTime:0.000221s ]
INFO: [ template_filter ] --END-- [ RunTime:0.000530s ]
INFO: Run Behavior\ParseTemplateBehavior [ RunTime:0.023145s ]
INFO: [ view_parse ] --END-- [ RunTime:0.023478s ]
INFO: [ view_filter ] --START--
INFO: Run Behavior\WriteHtmlCacheBehavior [ RunTime:0.000900s ]
INFO: [ view_filter ] --END-- [ RunTime:0.001195s ]
INFO: [ app_end ] --START--
INFO: Run Behavior\ShowPageTraceBehavior [ RunTime:0.001636s ]
INFO: [ app_end ] --END-- [ RunTime:0.001933s ]

[ 2018-01-25T11:51:16+08:00 ] ::1 /campus/xyyb/index.php/Home/Dictionary/showlist.html
INFO: [ app_init ] --START--
INFO: Run Behavior\BuildLiteBehavior [ RunTime:0.000073s ]
INFO: [ app_init ] --END-- [ RunTime:0.001357s ]
INFO: [ app_begin ] --START--
INFO: Run Behavior\ReadHtmlCacheBehavior [ RunTime:0.001274s ]
INFO: [ app_begin ] --END-- [ RunTime:0.001629s ]
SQL: SHOW COLUMNS FROM `dictionary` [ RunTime:0.0147s ]
SQL: SHOW COLUMNS FROM `dictionary` [ RunTime:0.0126s ]
NOTIC: [2] Missing argument 1 for Home\Model\DictionaryModel::getDictionaries(), called in E:\wamp64\www\campus\xyyb\Home\Service\DictionaryService.class.php on line 18 and defined E:\wamp64\www\campus\xyyb\Home\Model\DictionaryModel.class.php 第 20 行.
SQL: SELECT * FROM `dictionary`  [ RunTime:0.0147s ]
NOTIC: [2] Missing argument 1 for Home\Model\DictionaryModel::getDictionaries(), called in E:\wamp64\www\campus\xyyb\Home\Controller\DictionaryController.class.php on line 76 and defined E:\wamp64\www\campus\xyyb\Home\Model\DictionaryModel.class.php 第 20 行.
SQL: SELECT * FROM `dictionary`  [ RunTime:0.0127s ]
NOTIC: [8] Undefined offset: 0 E:\wamp64\www\campus\xyyb\Home\Service\DictionaryService.class.php 第 30 行.
NOTIC: [8] Undefined offset: 0 E:\wamp64\www\campus\xyyb\Home\Service\DictionaryService.class.php 第 30 行.
NOTIC: [8] Undefined offset: 0 E:\wamp64\www\campus\xyyb\Home\Service\DictionaryService.class.php 第 30 行.
NOTIC: [8] Undefined offset: 0 E:\wamp64\www\campus\xyyb\Home\Service\DictionaryService.class.php 第 30 行.
NOTIC: [8] Undefined offset: -1 E:\wamp64\www\campus\xyyb\Home\Service\DictionaryService.class.php 第 30 行.
INFO: [ view_parse ] --START--
INFO: [ template_filter ] --START--
INFO: Run Behavior\ContentReplaceBehavior [ RunTime:0.000418s ]
INFO: [ template_filter ] --END-- [ RunTime:0.000763s ]
INFO: Run Behavior\ParseTemplateBehavior [ RunTime:0.028332s ]
INFO: [ view_parse ] --END-- [ RunTime:0.028686s ]
INFO: [ view_filter ] --START--
INFO: Run Behavior\WriteHtmlCacheBehavior [ RunTime:0.000869s ]
INFO: [ view_filter ] --END-- [ RunTime:0.001144s ]
NOTIC: [2] Cannot modify header information - headers already sent by (output started at E:\wamp64\www\campus\xyyb\Home\Controller\DictionaryController.class.php:44) E:\wamp64\www\campus\ThinkPHP\Library\Think\View.class.php 第 91 行.
NOTIC: [2] Cannot modify header information - headers already sent by (output started at E:\wamp64\www\campus\xyyb\Home\Controller\DictionaryController.class.php:44) E:\wamp64\www\campus\ThinkPHP\Library\Think\View.class.php 第 92 行.
NOTIC: [2] Cannot modify header information - headers already sent by (output started at E:\wamp64\www\campus\xyyb\Home\Controller\DictionaryController.class.php:44) E:\wamp64\www\campus\ThinkPHP\Library\Think\View.class.php 第 93 行.
INFO: [ app_end ] --START--
INFO: Run Behavior\ShowPageTraceBehavior [ RunTime:0.001517s ]
INFO: [ app_end ] --END-- [ RunTime:0.001820s ]

[ 2018-01-25T11:55:26+08:00 ] ::1 /campus/xyyb/index.php/Home/Dictionary/listIndex.html
INFO: [ app_init ] --START--
INFO: Run Behavior\BuildLiteBehavior [ RunTime:0.000071s ]
INFO: [ app_init ] --END-- [ RunTime:0.002098s ]
INFO: [ app_begin ] --START--
INFO: Run Behavior\ReadHtmlCacheBehavior [ RunTime:0.001429s ]
INFO: [ app_begin ] --END-- [ RunTime:0.001727s ]
SQL: SHOW COLUMNS FROM `dictionary` [ RunTime:0.0127s ]
SQL: SHOW COLUMNS FROM `dictionary` [ RunTime:0.0132s ]
NOTIC: [2] Missing argument 1 for Home\Model\DictionaryModel::getDictionaries(), called in E:\wamp64\www\campus\xyyb\Home\Service\DictionaryService.class.php on line 18 and defined E:\wamp64\www\campus\xyyb\Home\Model\DictionaryModel.class.php 第 20 行.
SQL: SELECT * FROM `dictionary`  [ RunTime:0.0129s ]
INFO: [ view_parse ] --START--
INFO: [ template_filter ] --START--
INFO: Run Behavior\ContentReplaceBehavior [ RunTime:0.000219s ]
INFO: [ template_filter ] --END-- [ RunTime:0.000517s ]
INFO: Run Behavior\ParseTemplateBehavior [ RunTime:0.021557s ]
INFO: [ view_parse ] --END-- [ RunTime:0.021881s ]
INFO: [ view_filter ] --START--
INFO: Run Behavior\WriteHtmlCacheBehavior [ RunTime:0.001310s ]
INFO: [ view_filter ] --END-- [ RunTime:0.001635s ]
INFO: [ app_end ] --START--
INFO: Run Behavior\ShowPageTraceBehavior [ RunTime:0.001598s ]
INFO: [ app_end ] --END-- [ RunTime:0.001922s ]

[ 2018-01-25T11:55:26+08:00 ] ::1 /campus/xyyb/index.php/Home/Dictionary/showlist.html
INFO: [ app_init ] --START--
INFO: Run Behavior\BuildLiteBehavior [ RunTime:0.000066s ]
INFO: [ app_init ] --END-- [ RunTime:0.001292s ]
INFO: [ app_begin ] --START--
INFO: Run Behavior\ReadHtmlCacheBehavior [ RunTime:0.003013s ]
INFO: [ app_begin ] --END-- [ RunTime:0.003405s ]
SQL: SHOW COLUMNS FROM `dictionary` [ RunTime:0.0147s ]
SQL: SHOW COLUMNS FROM `dictionary` [ RunTime:0.0127s ]
NOTIC: [2] Missing argument 1 for Home\Model\DictionaryModel::getDictionaries(), called in E:\wamp64\www\campus\xyyb\Home\Service\DictionaryService.class.php on line 18 and defined E:\wamp64\www\campus\xyyb\Home\Model\DictionaryModel.class.php 第 20 行.
SQL: SELECT * FROM `dictionary`  [ RunTime:0.0125s ]
NOTIC: [2] Missing argument 1 for Home\Model\DictionaryModel::getDictionaries(), called in E:\wamp64\www\campus\xyyb\Home\Controller\DictionaryController.class.php on line 76 and defined E:\wamp64\www\campus\xyyb\Home\Model\DictionaryModel.class.php 第 20 行.
SQL: SELECT * FROM `dictionary`  [ RunTime:0.0117s ]
NOTIC: [8] Undefined offset: 0 E:\wamp64\www\campus\xyyb\Home\Service\DictionaryService.class.php 第 28 行.
NOTIC: [8] Undefined offset: 0 E:\wamp64\www\campus\xyyb\Home\Service\DictionaryService.class.php 第 28 行.
NOTIC: [8] Undefined offset: 0 E:\wamp64\www\campus\xyyb\Home\Service\DictionaryService.class.php 第 28 行.
NOTIC: [8] Undefined offset: 0 E:\wamp64\www\campus\xyyb\Home\Service\DictionaryService.class.php 第 28 行.
NOTIC: [8] Undefined offset: -1 E:\wamp64\www\campus\xyyb\Home\Service\DictionaryService.class.php 第 28 行.
INFO: [ view_parse ] --START--
INFO: [ template_filter ] --START--
INFO: Run Behavior\ContentReplaceBehavior [ RunTime:0.000288s ]
INFO: [ template_filter ] --END-- [ RunTime:0.000582s ]
INFO: Run Behavior\ParseTemplateBehavior [ RunTime:0.051083s ]
INFO: [ view_parse ] --END-- [ RunTime:0.051443s ]
INFO: [ view_filter ] --START--
INFO: Run Behavior\WriteHtmlCacheBehavior [ RunTime:0.001084s ]
INFO: [ view_filter ] --END-- [ RunTime:0.001368s ]
NOTIC: [2] Cannot modify header information - headers already sent by (output started at E:\wamp64\www\campus\xyyb\Home\Controller\DictionaryController.class.php:44) E:\wamp64\www\campus\ThinkPHP\Library\Think\View.class.php 第 91 行.
NOTIC: [2] Cannot modify header information - headers already sent by (output started at E:\wamp64\www\campus\xyyb\Home\Controller\DictionaryController.class.php:44) E:\wamp64\www\campus\ThinkPHP\Library\Think\View.class.php 第 92 行.
NOTIC: [2] Cannot modify header information - headers already sent by (output started at E:\wamp64\www\campus\xyyb\Home\Controller\DictionaryController.class.php:44) E:\wamp64\www\campus\ThinkPHP\Library\Think\View.class.php 第 93 行.
INFO: [ app_end ] --START--
INFO: Run Behavior\ShowPageTraceBehavior [ RunTime:0.001689s ]
INFO: [ app_end ] --END-- [ RunTime:0.002022s ]

[ 2018-01-25T11:55:37+08:00 ] ::1 /campus/xyyb/index.php/Home/Dictionary/listIndex.html
INFO: [ app_init ] --START--
INFO: Run Behavior\BuildLiteBehavior [ RunTime:0.000067s ]
INFO: [ app_init ] --END-- [ RunTime:0.001223s ]
INFO: [ app_begin ] --START--
INFO: Run Behavior\ReadHtmlCacheBehavior [ RunTime:0.001267s ]
INFO: [ app_begin ] --END-- [ RunTime:0.001588s ]
SQL: SHOW COLUMNS FROM `dictionary` [ RunTime:0.0128s ]
SQL: SHOW COLUMNS FROM `dictionary` [ RunTime:0.0120s ]
NOTIC: [2] Missing argument 1 for Home\Model\DictionaryModel::getDictionaries(), called in E:\wamp64\www\campus\xyyb\Home\Service\DictionaryService.class.php on line 18 and defined E:\wamp64\www\campus\xyyb\Home\Model\DictionaryModel.class.php 第 20 行.
SQL: SELECT * FROM `dictionary`  [ RunTime:0.0150s ]
INFO: [ view_parse ] --START--
INFO: [ template_filter ] --START--
INFO: Run Behavior\ContentReplaceBehavior [ RunTime:0.000218s ]
INFO: [ template_filter ] --END-- [ RunTime:0.000531s ]
INFO: Run Behavior\ParseTemplateBehavior [ RunTime:0.027516s ]
INFO: [ view_parse ] --END-- [ RunTime:0.027851s ]
INFO: [ view_filter ] --START--
INFO: Run Behavior\WriteHtmlCacheBehavior [ RunTime:0.001181s ]
INFO: [ view_filter ] --END-- [ RunTime:0.001492s ]
INFO: [ app_end ] --START--
INFO: Run Behavior\ShowPageTraceBehavior [ RunTime:0.001689s ]
INFO: [ app_end ] --END-- [ RunTime:0.001995s ]

[ 2018-01-25T11:55:37+08:00 ] ::1 /campus/xyyb/index.php/Home/Dictionary/showlist.html
INFO: [ app_init ] --START--
INFO: Run Behavior\BuildLiteBehavior [ RunTime:0.000097s ]
INFO: [ app_init ] --END-- [ RunTime:0.001615s ]
INFO: [ app_begin ] --START--
INFO: Run Behavior\ReadHtmlCacheBehavior [ RunTime:0.001318s ]
INFO: [ app_begin ] --END-- [ RunTime:0.001626s ]
SQL: SHOW COLUMNS FROM `dictionary` [ RunTime:0.0116s ]
SQL: SHOW COLUMNS FROM `dictionary` [ RunTime:0.0121s ]
NOTIC: [2] Missing argument 1 for Home\Model\DictionaryModel::getDictionaries(), called in E:\wamp64\www\campus\xyyb\Home\Service\DictionaryService.class.php on line 18 and defined E:\wamp64\www\campus\xyyb\Home\Model\DictionaryModel.class.php 第 20 行.
SQL: SELECT * FROM `dictionary`  [ RunTime:0.0135s ]
NOTIC: [2] Missing argument 1 for Home\Model\DictionaryModel::getDictionaries(), called in E:\wamp64\www\campus\xyyb\Home\Controller\DictionaryController.class.php on line 75 and defined E:\wamp64\www\campus\xyyb\Home\Model\DictionaryModel.class.php 第 20 行.
SQL: SELECT * FROM `dictionary`  [ RunTime:0.0239s ]
NOTIC: [8] Undefined offset: 0 E:\wamp64\www\campus\xyyb\Home\Service\DictionaryService.class.php 第 28 行.
NOTIC: [8] Undefined offset: 0 E:\wamp64\www\campus\xyyb\Home\Service\DictionaryService.class.php 第 28 行.
NOTIC: [8] Undefined offset: 0 E:\wamp64\www\campus\xyyb\Home\Service\DictionaryService.class.php 第 28 行.
NOTIC: [8] Undefined offset: 0 E:\wamp64\www\campus\xyyb\Home\Service\DictionaryService.class.php 第 28 行.
NOTIC: [8] Undefined offset: -1 E:\wamp64\www\campus\xyyb\Home\Service\DictionaryService.class.php 第 28 行.
INFO: [ view_parse ] --START--
INFO: [ template_filter ] --START--
INFO: Run Behavior\ContentReplaceBehavior [ RunTime:0.000299s ]
INFO: [ template_filter ] --END-- [ RunTime:0.000593s ]
INFO: Run Behavior\ParseTemplateBehavior [ RunTime:0.029793s ]
INFO: [ view_parse ] --END-- [ RunTime:0.030105s ]
INFO: [ view_filter ] --START--
INFO: Run Behavior\WriteHtmlCacheBehavior [ RunTime:0.001497s ]
INFO: [ view_filter ] --END-- [ RunTime:0.001793s ]
INFO: [ app_end ] --START--
INFO: Run Behavior\ShowPageTraceBehavior [ RunTime:0.001369s ]
INFO: [ app_end ] --END-- [ RunTime:0.002271s ]

